[35m[1mScanning dependencies of target pcl_msgs_generate_messages_py[0m
[  0%] Built target pcl_msgs_generate_messages_py
[35m[1mScanning dependencies of target lslidar_serial[0m
[ 12%] [32mBuilding CXX object CMakeFiles/lslidar_serial.dir/src/lsiosr.cpp.o[0m
[01m[K/home/rc1/cqc/R2_Real_ws/src/lsx10/lslidar_driver/src/lsiosr.cpp:[m[K In member function ‘[01m[Kint lslidar_driver::LSIOSR::close()[m[K’:
[01m[K/home/rc1/cqc/R2_Real_ws/src/lsx10/lslidar_driver/src/lsiosr.cpp:386:1:[m[K [01;35m[Kwarning: [m[Kno return statement in function returning non-void [[01;35m[K-Wreturn-type[m[K]
  386 | [01;35m[K}[m[K
      | [01;35m[K^[m[K
[ 25%] [32m[1mLinking CXX shared library /home/rc1/cqc/R2_Real_ws/devel/.private/lslidar_driver/lib/liblslidar_serial.so[0m
[ 25%] Built target lslidar_serial
[35m[1mScanning dependencies of target lslidar_msgs_generate_messages_py[0m
[ 25%] Built target lslidar_msgs_generate_messages_py
[35m[1mScanning dependencies of target lslidar_msgs_generate_messages_nodejs[0m
[ 25%] Built target lslidar_msgs_generate_messages_nodejs
[35m[1mScanning dependencies of target lslidar_msgs_generate_messages_lisp[0m
[ 25%] Built target lslidar_msgs_generate_messages_lisp
[35m[1mScanning dependencies of target tf2_msgs_generate_messages_nodejs[0m
[ 25%] Built target tf2_msgs_generate_messages_nodejs
[35m[1mScanning dependencies of target tf2_msgs_generate_messages_lisp[0m
[ 25%] Built target tf2_msgs_generate_messages_lisp
[35m[1mScanning dependencies of target actionlib_msgs_generate_messages_py[0m
[ 25%] Built target actionlib_msgs_generate_messages_py
[35m[1mScanning dependencies of target actionlib_msgs_generate_messages_cpp[0m
[ 25%] Built target actionlib_msgs_generate_messages_cpp
[35m[1mScanning dependencies of target actionlib_generate_messages_nodejs[0m
[ 25%] Built target actionlib_generate_messages_nodejs
[35m[1mScanning dependencies of target actionlib_generate_messages_cpp[0m
[ 25%] Built target actionlib_generate_messages_cpp
[35m[1mScanning dependencies of target tf_generate_messages_nodejs[0m
[ 25%] Built target tf_generate_messages_nodejs
[35m[1mScanning dependencies of target tf_generate_messages_lisp[0m
[ 25%] Built target tf_generate_messages_lisp
[35m[1mScanning dependencies of target tf_generate_messages_cpp[0m
[ 25%] Built target tf_generate_messages_cpp
[35m[1mScanning dependencies of target topic_tools_generate_messages_nodejs[0m
[ 25%] Built target topic_tools_generate_messages_nodejs
[35m[1mScanning dependencies of target topic_tools_generate_messages_lisp[0m
[ 25%] Built target topic_tools_generate_messages_lisp
[35m[1mScanning dependencies of target topic_tools_generate_messages_eus[0m
[ 25%] Built target topic_tools_generate_messages_eus
[35m[1mScanning dependencies of target topic_tools_generate_messages_cpp[0m
[ 25%] Built target topic_tools_generate_messages_cpp
[35m[1mScanning dependencies of target std_srvs_generate_messages_lisp[0m
[ 25%] Built target std_srvs_generate_messages_lisp
[35m[1mScanning dependencies of target std_srvs_generate_messages_eus[0m
[ 25%] Built target std_srvs_generate_messages_eus
[35m[1mScanning dependencies of target geometry_msgs_generate_messages_eus[0m
[ 25%] Built target geometry_msgs_generate_messages_eus
[35m[1mScanning dependencies of target diagnostic_msgs_generate_messages_py[0m
[ 25%] Built target diagnostic_msgs_generate_messages_py
[35m[1mScanning dependencies of target sensor_msgs_generate_messages_cpp[0m
[ 25%] Built target sensor_msgs_generate_messages_cpp
[35m[1mScanning dependencies of target pcl_msgs_generate_messages_cpp[0m
[ 25%] Built target pcl_msgs_generate_messages_cpp
[35m[1mScanning dependencies of target std_msgs_generate_messages_py[0m
[ 25%] Built target std_msgs_generate_messages_py
[35m[1mScanning dependencies of target std_msgs_generate_messages_cpp[0m
[ 25%] Built target std_msgs_generate_messages_cpp
[35m[1mScanning dependencies of target rosgraph_msgs_generate_messages_nodejs[0m
[ 25%] Built target rosgraph_msgs_generate_messages_nodejs
[35m[1mScanning dependencies of target std_msgs_generate_messages_nodejs[0m
[ 25%] Built target std_msgs_generate_messages_nodejs
[35m[1mScanning dependencies of target nodelet_generate_messages_lisp[0m
[ 25%] Built target nodelet_generate_messages_lisp
[35m[1mScanning dependencies of target actionlib_generate_messages_lisp[0m
[ 25%] Built target actionlib_generate_messages_lisp
[35m[1mScanning dependencies of target roscpp_generate_messages_lisp[0m
[ 25%] Built target roscpp_generate_messages_lisp
[35m[1mScanning dependencies of target std_msgs_generate_messages_lisp[0m
[ 25%] Built target std_msgs_generate_messages_lisp
[35m[1mScanning dependencies of target actionlib_msgs_generate_messages_eus[0m
[ 25%] Built target actionlib_msgs_generate_messages_eus
[35m[1mScanning dependencies of target dynamic_reconfigure_generate_messages_py[0m
[ 25%] Built target dynamic_reconfigure_generate_messages_py
[35m[1mScanning dependencies of target std_srvs_generate_messages_cpp[0m
[ 25%] Built target std_srvs_generate_messages_cpp
[35m[1mScanning dependencies of target tf_generate_messages_eus[0m
[ 25%] Built target tf_generate_messages_eus
[35m[1mScanning dependencies of target rosgraph_msgs_generate_messages_lisp[0m
[ 25%] Built target rosgraph_msgs_generate_messages_lisp
[35m[1mScanning dependencies of target diagnostic_msgs_generate_messages_cpp[0m
[ 25%] Built target diagnostic_msgs_generate_messages_cpp
[35m[1mScanning dependencies of target rosgraph_msgs_generate_messages_py[0m
[ 25%] Built target rosgraph_msgs_generate_messages_py
[35m[1mScanning dependencies of target topic_tools_generate_messages_py[0m
[ 25%] Built target topic_tools_generate_messages_py
[35m[1mScanning dependencies of target roscpp_generate_messages_cpp[0m
[ 25%] Built target roscpp_generate_messages_cpp
[35m[1mScanning dependencies of target roscpp_generate_messages_py[0m
[ 25%] Built target roscpp_generate_messages_py
[35m[1mScanning dependencies of target sensor_msgs_generate_messages_nodejs[0m
[ 25%] Built target sensor_msgs_generate_messages_nodejs
[35m[1mScanning dependencies of target tf2_msgs_generate_messages_py[0m
[ 25%] Built target tf2_msgs_generate_messages_py
[35m[1mScanning dependencies of target dynamic_reconfigure_generate_messages_nodejs[0m
[ 25%] Built target dynamic_reconfigure_generate_messages_nodejs
[35m[1mScanning dependencies of target bond_generate_messages_cpp[0m
[ 25%] Built target bond_generate_messages_cpp
[35m[1mScanning dependencies of target bond_generate_messages_eus[0m
[35m[1mScanning dependencies of target nodelet_topic_tools_gencfg[0m
[ 25%] Built target bond_generate_messages_eus
[ 25%] Built target nodelet_topic_tools_gencfg
[35m[1mScanning dependencies of target sensor_msgs_generate_messages_lisp[0m
[35m[1mScanning dependencies of target sensor_msgs_generate_messages_eus[0m
[ 25%] Built target sensor_msgs_generate_messages_lisp
[ 25%] Built target sensor_msgs_generate_messages_eus
[35m[1mScanning dependencies of target bond_generate_messages_lisp[0m
[35m[1mScanning dependencies of target roscpp_generate_messages_eus[0m
[ 25%] Built target bond_generate_messages_lisp
[ 25%] Built target roscpp_generate_messages_eus
[35m[1mScanning dependencies of target geometry_msgs_generate_messages_cpp[0m
[35m[1mScanning dependencies of target tf2_msgs_generate_messages_eus[0m
[ 25%] Built target geometry_msgs_generate_messages_cpp
[ 25%] Built target tf2_msgs_generate_messages_eus
[35m[1mScanning dependencies of target sensor_msgs_generate_messages_py[0m
[ 25%] Built target sensor_msgs_generate_messages_py
[35m[1mScanning dependencies of target geometry_msgs_generate_messages_py[0m
[ 25%] Built target geometry_msgs_generate_messages_py
[35m[1mScanning dependencies of target geometry_msgs_generate_messages_lisp[0m
[35m[1mScanning dependencies of target actionlib_msgs_generate_messages_nodejs[0m
[ 25%] Built target geometry_msgs_generate_messages_lisp
[ 25%] Built target actionlib_msgs_generate_messages_nodejs
[35m[1mScanning dependencies of target actionlib_msgs_generate_messages_lisp[0m
[35m[1mScanning dependencies of target tf_generate_messages_py[0m
[ 25%] Built target actionlib_msgs_generate_messages_lisp
[ 25%] Built target tf_generate_messages_py
[35m[1mScanning dependencies of target roscpp_generate_messages_nodejs[0m
[35m[1mScanning dependencies of target std_msgs_generate_messages_eus[0m
[ 25%] Built target roscpp_generate_messages_nodejs
[ 25%] Built target std_msgs_generate_messages_eus
[35m[1mScanning dependencies of target actionlib_generate_messages_eus[0m
[35m[1mScanning dependencies of target rosgraph_msgs_generate_messages_cpp[0m
[ 25%] Built target actionlib_generate_messages_eus
[ 25%] Built target rosgraph_msgs_generate_messages_cpp
[35m[1mScanning dependencies of target std_srvs_generate_messages_py[0m
[35m[1mScanning dependencies of target rosgraph_msgs_generate_messages_eus[0m
[ 25%] Built target rosgraph_msgs_generate_messages_eus
[ 25%] Built target std_srvs_generate_messages_py
[35m[1mScanning dependencies of target pcl_ros_gencfg[0m
[35m[1mScanning dependencies of target diagnostic_msgs_generate_messages_eus[0m
[ 25%] Built target diagnostic_msgs_generate_messages_eus
[ 25%] Built target pcl_ros_gencfg
[35m[1mScanning dependencies of target lslidar_input[0m
[35m[1mScanning dependencies of target lslidar_msgs_generate_messages_cpp[0m
[ 25%] Built target lslidar_msgs_generate_messages_cpp
[ 37%] [32mBuilding CXX object CMakeFiles/lslidar_input.dir/src/input.cc.o[0m
[35m[1mScanning dependencies of target actionlib_generate_messages_py[0m
[ 37%] Built target actionlib_generate_messages_py
[35m[1mScanning dependencies of target diagnostic_msgs_generate_messages_lisp[0m
[ 37%] Built target diagnostic_msgs_generate_messages_lisp
[35m[1mScanning dependencies of target diagnostic_msgs_generate_messages_nodejs[0m
[ 37%] Built target diagnostic_msgs_generate_messages_nodejs
[35m[1mScanning dependencies of target lslidar_msgs_generate_messages_eus[0m
[ 37%] Built target lslidar_msgs_generate_messages_eus
[35m[1mScanning dependencies of target nodelet_generate_messages_cpp[0m
[ 37%] Built target nodelet_generate_messages_cpp
[35m[1mScanning dependencies of target geometry_msgs_generate_messages_nodejs[0m
[ 37%] Built target geometry_msgs_generate_messages_nodejs
[35m[1mScanning dependencies of target dynamic_reconfigure_generate_messages_eus[0m
[ 37%] Built target dynamic_reconfigure_generate_messages_eus
[35m[1mScanning dependencies of target dynamic_reconfigure_gencfg[0m
[ 37%] Built target dynamic_reconfigure_gencfg
[35m[1mScanning dependencies of target nodelet_generate_messages_eus[0m
[ 37%] Built target nodelet_generate_messages_eus
[35m[1mScanning dependencies of target nodelet_generate_messages_nodejs[0m
[ 37%] Built target nodelet_generate_messages_nodejs
[35m[1mScanning dependencies of target bond_generate_messages_nodejs[0m
[ 37%] Built target bond_generate_messages_nodejs
[35m[1mScanning dependencies of target std_srvs_generate_messages_nodejs[0m
[ 37%] Built target std_srvs_generate_messages_nodejs
[35m[1mScanning dependencies of target nodelet_generate_messages_py[0m
[ 37%] Built target nodelet_generate_messages_py
[35m[1mScanning dependencies of target bond_generate_messages_py[0m
[ 37%] Built target bond_generate_messages_py
[35m[1mScanning dependencies of target dynamic_reconfigure_generate_messages_cpp[0m
[ 37%] Built target dynamic_reconfigure_generate_messages_cpp
[35m[1mScanning dependencies of target tf2_msgs_generate_messages_cpp[0m
[ 37%] Built target tf2_msgs_generate_messages_cpp
[35m[1mScanning dependencies of target dynamic_reconfigure_generate_messages_lisp[0m
[ 37%] Built target dynamic_reconfigure_generate_messages_lisp
[35m[1mScanning dependencies of target pcl_msgs_generate_messages_eus[0m
[ 37%] Built target pcl_msgs_generate_messages_eus
[35m[1mScanning dependencies of target pcl_msgs_generate_messages_nodejs[0m
[ 37%] Built target pcl_msgs_generate_messages_nodejs
[35m[1mScanning dependencies of target pcl_msgs_generate_messages_lisp[0m
[ 37%] Built target pcl_msgs_generate_messages_lisp
[01m[K/home/rc1/cqc/R2_Real_ws/src/lsx10/lslidar_driver/src/input.cc:[m[K In member function ‘[01m[Kvirtual int lslidar_driver::InputPCAP::getPacket(lslidar_msgs::LslidarPacketPtr&)[m[K’:
[01m[K/home/rc1/cqc/R2_Real_ws/src/lsx10/lslidar_driver/src/input.cc:414:2:[m[K [01;35m[Kwarning: [m[Kcontrol reaches end of non-void function [[01;35m[K-Wreturn-type[m[K]
  414 |  [01;35m[K}[m[K
      |  [01;35m[K^[m[K
[ 50%] [32m[1mLinking CXX shared library /home/rc1/cqc/R2_Real_ws/devel/.private/lslidar_driver/lib/liblslidar_input.so[0m
[ 50%] Built target lslidar_input
[35m[1mScanning dependencies of target lslidar_driver[0m
[ 62%] [32mBuilding CXX object CMakeFiles/lslidar_driver.dir/src/lslidar_driver.cc.o[0m
[ 75%] [32m[1mLinking CXX shared library /home/rc1/cqc/R2_Real_ws/devel/.private/lslidar_driver/lib/liblslidar_driver.so[0m
[ 75%] Built target lslidar_driver
[35m[1mScanning dependencies of target lslidar_driver_node[0m
[ 87%] [32mBuilding CXX object CMakeFiles/lslidar_driver_node.dir/src/lslidar_driver_node.cc.o[0m
[100%] [32m[1mLinking CXX executable /home/rc1/cqc/R2_Real_ws/devel/.private/lslidar_driver/lib/lslidar_driver/lslidar_driver_node[0m
[100%] Built target lslidar_driver_node
