[35m[1mScanning dependencies of target _lslidar_msgs_generate_messages_check_deps_LslidarScan[0m
[35m[1mScanning dependencies of target _lslidar_msgs_generate_messages_check_deps_LslidarPoint[0m
[35m[1mScanning dependencies of target _lslidar_msgs_generate_messages_check_deps_LslidarDifop[0m
[35m[1mScanning dependencies of target _lslidar_msgs_generate_messages_check_deps_LslidarSweep[0m
[35m[1mScanning dependencies of target _lslidar_msgs_generate_messages_check_deps_LslidarPacket[0m
[35m[1mScanning dependencies of target std_msgs_generate_messages_cpp[0m
[  0%] Built target std_msgs_generate_messages_cpp
[35m[1mScanning dependencies of target std_msgs_generate_messages_nodejs[0m
[  0%] Built target _lslidar_msgs_generate_messages_check_deps_LslidarPoint
[  0%] Built target _lslidar_msgs_generate_messages_check_deps_LslidarSweep
[  0%] Built target _lslidar_msgs_generate_messages_check_deps_LslidarScan
[  0%] Built target _lslidar_msgs_generate_messages_check_deps_LslidarPacket
[  0%] Built target std_msgs_generate_messages_nodejs
[  0%] Built target _lslidar_msgs_generate_messages_check_deps_LslidarDifop
[35m[1mScanning dependencies of target std_msgs_generate_messages_lisp[0m
[35m[1mScanning dependencies of target std_msgs_generate_messages_py[0m
[  0%] Built target std_msgs_generate_messages_lisp
[35m[1mScanning dependencies of target std_msgs_generate_messages_eus[0m
[35m[1mScanning dependencies of target lslidar_msgs_generate_messages_cpp[0m
[35m[1mScanning dependencies of target lslidar_msgs_generate_messages_nodejs[0m
[  3%] [34m[1mGenerating C++ code from lslidar_msgs/LslidarPoint.msg[0m
[  7%] [34m[1mGenerating C++ code from lslidar_msgs/LslidarPacket.msg[0m
[  7%] Built target std_msgs_generate_messages_eus
[ 11%] [34m[1mGenerating Javascript code from lslidar_msgs/LslidarPacket.msg[0m
[ 11%] Built target std_msgs_generate_messages_py
[35m[1mScanning dependencies of target lslidar_msgs_generate_messages_lisp[0m
[ 14%] [34m[1mGenerating C++ code from lslidar_msgs/LslidarScan.msg[0m
[35m[1mScanning dependencies of target lslidar_msgs_generate_messages_eus[0m
[ 18%] [34m[1mGenerating EusLisp code from lslidar_msgs/LslidarPacket.msg[0m
[ 22%] [34m[1mGenerating Lisp code from lslidar_msgs/LslidarPacket.msg[0m
[ 25%] [34m[1mGenerating Javascript code from lslidar_msgs/LslidarPoint.msg[0m
[ 29%] [34m[1mGenerating Lisp code from lslidar_msgs/LslidarPoint.msg[0m
[ 33%] [34m[1mGenerating EusLisp code from lslidar_msgs/LslidarPoint.msg[0m
[ 37%] [34m[1mGenerating Javascript code from lslidar_msgs/LslidarScan.msg[0m
[ 40%] [34m[1mGenerating EusLisp code from lslidar_msgs/LslidarScan.msg[0m
[ 44%] [34m[1mGenerating C++ code from lslidar_msgs/LslidarSweep.msg[0m
[ 48%] [34m[1mGenerating Javascript code from lslidar_msgs/LslidarDifop.msg[0m
[ 51%] [34m[1mGenerating Javascript code from lslidar_msgs/LslidarSweep.msg[0m
[ 55%] [34m[1mGenerating Lisp code from lslidar_msgs/LslidarScan.msg[0m
[ 62%] [34m[1mGenerating Lisp code from lslidar_msgs/LslidarSweep.msg[0m
[ 62%] [34m[1mGenerating EusLisp code from lslidar_msgs/LslidarSweep.msg[0m
[35m[1mScanning dependencies of target lslidar_msgs_generate_messages_py[0m
[ 62%] Built target lslidar_msgs_generate_messages_nodejs
[ 66%] [34m[1mGenerating Python from MSG lslidar_msgs/LslidarPacket[0m
[ 70%] [34m[1mGenerating Lisp code from lslidar_msgs/LslidarDifop.msg[0m
[ 74%] [34m[1mGenerating EusLisp code from lslidar_msgs/LslidarDifop.msg[0m
[ 77%] [34m[1mGenerating EusLisp manifest code for lslidar_msgs[0m
[ 81%] [34m[1mGenerating C++ code from lslidar_msgs/LslidarDifop.msg[0m
[ 85%] [34m[1mGenerating Python from MSG lslidar_msgs/LslidarPoint[0m
[ 85%] Built target lslidar_msgs_generate_messages_lisp
[ 88%] [34m[1mGenerating Python from MSG lslidar_msgs/LslidarScan[0m
[ 92%] [34m[1mGenerating Python from MSG lslidar_msgs/LslidarSweep[0m
[ 96%] [34m[1mGenerating Python from MSG lslidar_msgs/LslidarDifop[0m
[ 96%] Built target lslidar_msgs_generate_messages_cpp
[100%] [34m[1mGenerating Python msg __init__.py for lslidar_msgs[0m
[100%] Built target lslidar_msgs_generate_messages_eus
[100%] Built target lslidar_msgs_generate_messages_py
[35m[1mScanning dependencies of target lslidar_msgs_generate_messages[0m
[100%] Built target lslidar_msgs_generate_messages
