Symlinking /home/rc1/cqc/R2_Real_ws/devel/lib/python3/dist-packages/lslidar_msgs/__init__.py
Symlinking /home/rc1/cqc/R2_Real_ws/devel/lib/python3/dist-packages/lslidar_msgs/msg/_LslidarScan.py
Symlinking /home/rc1/cqc/R2_Real_ws/devel/lib/python3/dist-packages/lslidar_msgs/msg/_LslidarPacket.py
Symlinking /home/rc1/cqc/R2_Real_ws/devel/lib/python3/dist-packages/lslidar_msgs/msg/_LslidarSweep.py
Symlinking /home/rc1/cqc/R2_Real_ws/devel/lib/python3/dist-packages/lslidar_msgs/msg/_LslidarDifop.py
Symlinking /home/rc1/cqc/R2_Real_ws/devel/lib/python3/dist-packages/lslidar_msgs/msg/__init__.py
Symlinking /home/rc1/cqc/R2_Real_ws/devel/lib/python3/dist-packages/lslidar_msgs/msg/_LslidarPoint.py
Symlinking /home/rc1/cqc/R2_Real_ws/devel/lib/pkgconfig/lslidar_msgs.pc
Symlinking /home/rc1/cqc/R2_Real_ws/devel/include/lslidar_msgs/LslidarPacket.h
Symlinking /home/rc1/cqc/R2_Real_ws/devel/include/lslidar_msgs/LslidarDifop.h
Symlinking /home/rc1/cqc/R2_Real_ws/devel/include/lslidar_msgs/LslidarSweep.h
Symlinking /home/rc1/cqc/R2_Real_ws/devel/include/lslidar_msgs/LslidarScan.h
Symlinking /home/rc1/cqc/R2_Real_ws/devel/include/lslidar_msgs/LslidarPoint.h
Symlinking /home/rc1/cqc/R2_Real_ws/devel/share/common-lisp/ros/lslidar_msgs/msg/_package_LslidarSweep.lisp
Symlinking /home/rc1/cqc/R2_Real_ws/devel/share/common-lisp/ros/lslidar_msgs/msg/LslidarDifop.lisp
Symlinking /home/rc1/cqc/R2_Real_ws/devel/share/common-lisp/ros/lslidar_msgs/msg/_package_LslidarDifop.lisp
Symlinking /home/rc1/cqc/R2_Real_ws/devel/share/common-lisp/ros/lslidar_msgs/msg/LslidarScan.lisp
Symlinking /home/rc1/cqc/R2_Real_ws/devel/share/common-lisp/ros/lslidar_msgs/msg/_package_LslidarPacket.lisp
Symlinking /home/rc1/cqc/R2_Real_ws/devel/share/common-lisp/ros/lslidar_msgs/msg/_package_LslidarScan.lisp
Symlinking /home/rc1/cqc/R2_Real_ws/devel/share/common-lisp/ros/lslidar_msgs/msg/LslidarPoint.lisp
Symlinking /home/rc1/cqc/R2_Real_ws/devel/share/common-lisp/ros/lslidar_msgs/msg/LslidarPacket.lisp
Symlinking /home/rc1/cqc/R2_Real_ws/devel/share/common-lisp/ros/lslidar_msgs/msg/LslidarSweep.lisp
Symlinking /home/rc1/cqc/R2_Real_ws/devel/share/common-lisp/ros/lslidar_msgs/msg/_package.lisp
Symlinking /home/rc1/cqc/R2_Real_ws/devel/share/common-lisp/ros/lslidar_msgs/msg/_package_LslidarPoint.lisp
Symlinking /home/rc1/cqc/R2_Real_ws/devel/share/common-lisp/ros/lslidar_msgs/msg/lslidar_msgs-msg.asd
Symlinking /home/rc1/cqc/R2_Real_ws/devel/share/gennodejs/ros/lslidar_msgs/_index.js
Symlinking /home/rc1/cqc/R2_Real_ws/devel/share/gennodejs/ros/lslidar_msgs/msg/LslidarDifop.js
Symlinking /home/rc1/cqc/R2_Real_ws/devel/share/gennodejs/ros/lslidar_msgs/msg/LslidarScan.js
Symlinking /home/rc1/cqc/R2_Real_ws/devel/share/gennodejs/ros/lslidar_msgs/msg/LslidarSweep.js
Symlinking /home/rc1/cqc/R2_Real_ws/devel/share/gennodejs/ros/lslidar_msgs/msg/LslidarPoint.js
Symlinking /home/rc1/cqc/R2_Real_ws/devel/share/gennodejs/ros/lslidar_msgs/msg/_index.js
Symlinking /home/rc1/cqc/R2_Real_ws/devel/share/gennodejs/ros/lslidar_msgs/msg/LslidarPacket.js
Symlinking /home/rc1/cqc/R2_Real_ws/devel/share/lslidar_msgs/cmake/lslidar_msgs-msg-paths.cmake
Symlinking /home/rc1/cqc/R2_Real_ws/devel/share/lslidar_msgs/cmake/lslidar_msgs-msg-extras.cmake
Symlinking /home/rc1/cqc/R2_Real_ws/devel/share/lslidar_msgs/cmake/lslidar_msgsConfig.cmake
Symlinking /home/rc1/cqc/R2_Real_ws/devel/share/lslidar_msgs/cmake/lslidar_msgsConfig-version.cmake
Symlinking /home/rc1/cqc/R2_Real_ws/devel/share/roseus/ros/lslidar_msgs/manifest.l
Symlinking /home/rc1/cqc/R2_Real_ws/devel/share/roseus/ros/lslidar_msgs/msg/LslidarPacket.l
Symlinking /home/rc1/cqc/R2_Real_ws/devel/share/roseus/ros/lslidar_msgs/msg/LslidarPoint.l
Symlinking /home/rc1/cqc/R2_Real_ws/devel/share/roseus/ros/lslidar_msgs/msg/LslidarSweep.l
Symlinking /home/rc1/cqc/R2_Real_ws/devel/share/roseus/ros/lslidar_msgs/msg/LslidarDifop.l
Symlinking /home/rc1/cqc/R2_Real_ws/devel/share/roseus/ros/lslidar_msgs/msg/LslidarScan.l
