[35m[1mScanning dependencies of target _orbbec_camera_generate_messages_check_deps_SetBool[0m
[  0%] Built target _orbbec_camera_generate_messages_check_deps_SetBool
[35m[1mScanning dependencies of target _orbbec_camera_generate_messages_check_deps_SetString[0m
[35m[1mScanning dependencies of target _orbbec_camera_generate_messages_check_deps_GetCameraInfo[0m
[35m[1mScanning dependencies of target _orbbec_camera_generate_messages_check_deps_IMUInfo[0m
[  0%] Built target _orbbec_camera_generate_messages_check_deps_SetString
[35m[1mScanning dependencies of target _orbbec_camera_generate_messages_check_deps_Extrinsics[0m
[  0%] Built target _orbbec_camera_generate_messages_check_deps_GetCameraInfo
[  0%] Built target _orbbec_camera_generate_messages_check_deps_IMUInfo
[35m[1mScanning dependencies of target _orbbec_camera_generate_messages_check_deps_GetString[0m
[  0%] Built target _orbbec_camera_generate_messages_check_deps_Extrinsics
[35m[1mScanning dependencies of target _orbbec_camera_generate_messages_check_deps_GetCameraParams[0m
[35m[1mScanning dependencies of target _orbbec_camera_generate_messages_check_deps_GetBool[0m
[  0%] Built target _orbbec_camera_generate_messages_check_deps_GetString
[35m[1mScanning dependencies of target std_msgs_generate_messages_cpp[0m
[  0%] Built target std_msgs_generate_messages_cpp
[35m[1mScanning dependencies of target _orbbec_camera_generate_messages_check_deps_SetInt32[0m
[  0%] Built target _orbbec_camera_generate_messages_check_deps_GetCameraParams
[  0%] Built target _orbbec_camera_generate_messages_check_deps_GetBool
[35m[1mScanning dependencies of target _orbbec_camera_generate_messages_check_deps_GetDeviceInfo[0m
[35m[1mScanning dependencies of target sensor_msgs_generate_messages_cpp[0m
[35m[1mScanning dependencies of target _orbbec_camera_generate_messages_check_deps_DeviceInfo[0m
[  0%] Built target sensor_msgs_generate_messages_cpp
[  0%] Built target _orbbec_camera_generate_messages_check_deps_SetInt32
[35m[1mScanning dependencies of target _orbbec_camera_generate_messages_check_deps_Metadata[0m
[35m[1mScanning dependencies of target _orbbec_camera_generate_messages_check_deps_GetInt32[0m
[  0%] Built target _orbbec_camera_generate_messages_check_deps_GetDeviceInfo
[  0%] Built target _orbbec_camera_generate_messages_check_deps_DeviceInfo
[  0%] Built target _orbbec_camera_generate_messages_check_deps_GetInt32
[35m[1mScanning dependencies of target sensor_msgs_generate_messages_py[0m
[35m[1mScanning dependencies of target std_msgs_generate_messages_nodejs[0m
[35m[1mScanning dependencies of target std_msgs_generate_messages_py[0m
[  0%] Built target _orbbec_camera_generate_messages_check_deps_Metadata
[35m[1mScanning dependencies of target sensor_msgs_generate_messages_nodejs[0m
[  0%] Built target sensor_msgs_generate_messages_py
[  0%] Built target std_msgs_generate_messages_py
[  0%] Built target sensor_msgs_generate_messages_nodejs
[35m[1mScanning dependencies of target sensor_msgs_generate_messages_lisp[0m
[35m[1mScanning dependencies of target std_msgs_generate_messages_lisp[0m
[  0%] Built target std_msgs_generate_messages_nodejs
[35m[1mScanning dependencies of target std_msgs_generate_messages_eus[0m
[  0%] Built target sensor_msgs_generate_messages_lisp
[  0%] Built target std_msgs_generate_messages_lisp
[  0%] Built target std_msgs_generate_messages_eus
[35m[1mScanning dependencies of target sensor_msgs_generate_messages_eus[0m
[35m[1mScanning dependencies of target orbbec_camera_generate_messages_cpp[0m
[  1%] [34m[1mGenerating C++ code from orbbec_camera/DeviceInfo.msg[0m
[35m[1mScanning dependencies of target orbbec_camera_generate_messages_nodejs[0m
[35m[1mScanning dependencies of target orbbec_camera_generate_messages_py[0m
[  1%] Built target sensor_msgs_generate_messages_eus
[  2%] [34m[1mGenerating Javascript code from orbbec_camera/DeviceInfo.msg[0m
[35m[1mScanning dependencies of target orbbec_camera_generate_messages_lisp[0m
[  3%] [34m[1mGenerating Python from MSG orbbec_camera/Extrinsics[0m
[  4%] [34m[1mGenerating Python from MSG orbbec_camera/DeviceInfo[0m
[35m[1mScanning dependencies of target orbbec_camera_generate_messages_eus[0m
[  5%] [34m[1mGenerating Lisp code from orbbec_camera/DeviceInfo.msg[0m
[  6%] [34m[1mGenerating EusLisp code from orbbec_camera/DeviceInfo.msg[0m
[  7%] [34m[1mGenerating Javascript code from orbbec_camera/Extrinsics.msg[0m
[  8%] [34m[1mGenerating Lisp code from orbbec_camera/Extrinsics.msg[0m
[  9%] [34m[1mGenerating C++ code from orbbec_camera/Extrinsics.msg[0m
[ 10%] [34m[1mGenerating Lisp code from orbbec_camera/Metadata.msg[0m
[ 11%] [34m[1mGenerating Javascript code from orbbec_camera/Metadata.msg[0m
[ 12%] [34m[1mGenerating EusLisp code from orbbec_camera/Extrinsics.msg[0m
[ 13%] [34m[1mGenerating Python from MSG orbbec_camera/Metadata[0m
[ 15%] [34m[1mGenerating Lisp code from orbbec_camera/IMUInfo.msg[0m
[ 16%] [34m[1mGenerating C++ code from orbbec_camera/Metadata.msg[0m
[ 17%] [34m[1mGenerating Javascript code from orbbec_camera/IMUInfo.msg[0m
[ 18%] [34m[1mGenerating C++ code from orbbec_camera/IMUInfo.msg[0m
[ 19%] [34m[1mGenerating Lisp code from orbbec_camera/GetBool.srv[0m
[ 20%] [34m[1mGenerating EusLisp code from orbbec_camera/Metadata.msg[0m
[ 21%] [34m[1mGenerating Javascript code from orbbec_camera/GetBool.srv[0m
[ 22%] [34m[1mGenerating Python from MSG orbbec_camera/IMUInfo[0m
[ 23%] [34m[1mGenerating C++ code from orbbec_camera/GetBool.srv[0m
[ 24%] [34m[1mGenerating Lisp code from orbbec_camera/SetBool.srv[0m
[ 24%] [34m[1mGenerating Javascript code from orbbec_camera/SetBool.srv[0m
[ 25%] [34m[1mGenerating EusLisp code from orbbec_camera/IMUInfo.msg[0m
[ 26%] [34m[1mGenerating EusLisp code from orbbec_camera/GetBool.srv[0m
[ 27%] [34m[1mGenerating Lisp code from orbbec_camera/GetCameraInfo.srv[0m
[ 29%] [34m[1mGenerating Javascript code from orbbec_camera/GetCameraInfo.srv[0m
[ 30%] [34m[1mGenerating Lisp code from orbbec_camera/GetCameraParams.srv[0m
[ 31%] [34m[1mGenerating Javascript code from orbbec_camera/GetCameraParams.srv[0m
[ 32%] [34m[1mGenerating EusLisp code from orbbec_camera/SetBool.srv[0m
[ 33%] [34m[1mGenerating EusLisp code from orbbec_camera/GetCameraInfo.srv[0m
[ 34%] [34m[1mGenerating Lisp code from orbbec_camera/GetDeviceInfo.srv[0m
[ 35%] [34m[1mGenerating C++ code from orbbec_camera/SetBool.srv[0m
[ 36%] [34m[1mGenerating Javascript code from orbbec_camera/GetDeviceInfo.srv[0m
[ 37%] [34m[1mGenerating EusLisp code from orbbec_camera/GetCameraParams.srv[0m
[ 38%] [34m[1mGenerating Python code from SRV orbbec_camera/GetBool[0m
[ 39%] [34m[1mGenerating Lisp code from orbbec_camera/GetInt32.srv[0m
[ 40%] [34m[1mGenerating Lisp code from orbbec_camera/GetString.srv[0m
[ 41%] [34m[1mGenerating Javascript code from orbbec_camera/GetInt32.srv[0m
[ 43%] [34m[1mGenerating EusLisp code from orbbec_camera/GetDeviceInfo.srv[0m
[ 44%] [34m[1mGenerating Lisp code from orbbec_camera/SetString.srv[0m
[ 45%] [34m[1mGenerating Lisp code from orbbec_camera/SetInt32.srv[0m
[ 46%] [34m[1mGenerating Javascript code from orbbec_camera/GetString.srv[0m
[ 47%] [34m[1mGenerating C++ code from orbbec_camera/GetCameraInfo.srv[0m
[ 48%] [34m[1mGenerating EusLisp code from orbbec_camera/GetInt32.srv[0m
[ 49%] [34m[1mGenerating Javascript code from orbbec_camera/SetInt32.srv[0m
[ 49%] Built target orbbec_camera_generate_messages_lisp
[ 50%] [34m[1mGenerating Python code from SRV orbbec_camera/SetBool[0m
[ 51%] [34m[1mGenerating C++ code from orbbec_camera/GetCameraParams.srv[0m
[ 52%] [34m[1mGenerating Javascript code from orbbec_camera/SetString.srv[0m
[ 52%] Built target orbbec_camera_generate_messages_nodejs
[ 53%] [34m[1mGenerating EusLisp code from orbbec_camera/GetString.srv[0m
[ 54%] [34m[1mGenerating EusLisp code from orbbec_camera/SetInt32.srv[0m
[ 55%] [34m[1mGenerating EusLisp code from orbbec_camera/SetString.srv[0m
[ 56%] [34m[1mGenerating C++ code from orbbec_camera/GetDeviceInfo.srv[0m
[ 58%] [34m[1mGenerating EusLisp manifest code for orbbec_camera[0m
[ 59%] [34m[1mGenerating C++ code from orbbec_camera/GetInt32.srv[0m
[ 60%] [34m[1mGenerating Python code from SRV orbbec_camera/GetCameraInfo[0m
[ 61%] [34m[1mGenerating Python code from SRV orbbec_camera/GetCameraParams[0m
[ 62%] [34m[1mGenerating C++ code from orbbec_camera/GetString.srv[0m
[ 63%] [34m[1mGenerating Python code from SRV orbbec_camera/GetDeviceInfo[0m
[ 64%] [34m[1mGenerating C++ code from orbbec_camera/SetInt32.srv[0m
[ 64%] [34m[1mGenerating Python code from SRV orbbec_camera/GetInt32[0m
[ 65%] [34m[1mGenerating C++ code from orbbec_camera/SetString.srv[0m
[ 66%] [34m[1mGenerating Python code from SRV orbbec_camera/GetString[0m
[ 67%] [34m[1mGenerating Python code from SRV orbbec_camera/SetInt32[0m
[ 68%] [34m[1mGenerating Python code from SRV orbbec_camera/SetString[0m
[ 68%] Built target orbbec_camera_generate_messages_eus
[ 68%] Built target orbbec_camera_generate_messages_cpp
[35m[1mScanning dependencies of target orbbec_camera[0m
[35m[1mScanning dependencies of target orbbec_camera_nodelet[0m
[ 69%] [32mBuilding CXX object CMakeFiles/orbbec_camera.dir/src/d2c_viewer.cpp.o[0m
[ 70%] [34m[1mGenerating Python msg __init__.py for orbbec_camera[0m
[ 72%] [34m[1mGenerating Python srv __init__.py for orbbec_camera[0m
[ 73%] [32mBuilding CXX object CMakeFiles/orbbec_camera.dir/src/ob_camera_node.cpp.o[0m
[ 74%] [32mBuilding CXX object CMakeFiles/orbbec_camera.dir/src/ob_camera_node_driver.cpp.o[0m
[ 75%] [32mBuilding CXX object CMakeFiles/orbbec_camera_nodelet.dir/src/d2c_viewer.cpp.o[0m
[ 76%] [32mBuilding CXX object CMakeFiles/orbbec_camera.dir/src/ros_sensor.cpp.o[0m
[ 76%] Built target orbbec_camera_generate_messages_py
[35m[1mScanning dependencies of target orbbec_camera_generate_messages[0m
[ 76%] Built target orbbec_camera_generate_messages
[ 77%] [32mBuilding CXX object CMakeFiles/orbbec_camera.dir/src/ros_service.cpp.o[0m
[ 78%] [32mBuilding CXX object CMakeFiles/orbbec_camera.dir/src/utils.cpp.o[0m
[ 79%] [32mBuilding CXX object CMakeFiles/orbbec_camera_nodelet.dir/src/ob_camera_node.cpp.o[0m
[ 80%] [32mBuilding CXX object CMakeFiles/orbbec_camera.dir/src/ros_setup.cpp.o[0m
[ 81%] [32mBuilding CXX object CMakeFiles/orbbec_camera_nodelet.dir/src/ob_camera_node_driver.cpp.o[0m
[ 82%] [32mBuilding CXX object CMakeFiles/orbbec_camera.dir/src/jpeg_decoder.cpp.o[0m
[ 83%] [32mBuilding CXX object CMakeFiles/orbbec_camera_nodelet.dir/src/ros_sensor.cpp.o[0m
[ 84%] [32mBuilding CXX object CMakeFiles/orbbec_camera_nodelet.dir/src/ros_service.cpp.o[0m
[ 86%] [32mBuilding CXX object CMakeFiles/orbbec_camera_nodelet.dir/src/utils.cpp.o[0m
[ 87%] [32mBuilding CXX object CMakeFiles/orbbec_camera_nodelet.dir/src/ros_setup.cpp.o[0m
[ 88%] [32mBuilding CXX object CMakeFiles/orbbec_camera_nodelet.dir/src/jpeg_decoder.cpp.o[0m
[ 89%] [32mBuilding CXX object CMakeFiles/orbbec_camera_nodelet.dir/src/ros_nodelet.cpp.o[0m
[ 90%] [32m[1mLinking CXX shared library /home/rc1/cqc/R2_Real_ws/devel/.private/orbbec_camera/lib/liborbbec_camera.so[0m
[ 90%] Built target orbbec_camera
[35m[1mScanning dependencies of target list_camera_profile_mode_node[0m
[35m[1mScanning dependencies of target orbbec_camera_node[0m
[ 91%] [32mBuilding CXX object CMakeFiles/list_camera_profile_mode_node.dir/src/list_camera_profile_mode.cpp.o[0m
[ 92%] [32mBuilding CXX object CMakeFiles/orbbec_camera_node.dir/src/main.cpp.o[0m
[35m[1mScanning dependencies of target list_depth_work_mode_node[0m
[35m[1mScanning dependencies of target list_devices_node[0m
[ 93%] [32mBuilding CXX object CMakeFiles/list_depth_work_mode_node.dir/src/list_depth_work_mode.cpp.o[0m
[ 94%] [32mBuilding CXX object CMakeFiles/list_devices_node.dir/src/list_devices_node.cpp.o[0m
[ 95%] [32m[1mLinking CXX executable /home/rc1/cqc/R2_Real_ws/devel/.private/orbbec_camera/lib/orbbec_camera/list_depth_work_mode_node[0m
[ 95%] Built target list_depth_work_mode_node
[ 96%] [32m[1mLinking CXX shared library /home/rc1/cqc/R2_Real_ws/devel/.private/orbbec_camera/lib/liborbbec_camera_nodelet.so[0m
[ 96%] Built target orbbec_camera_nodelet
[ 97%] [32m[1mLinking CXX executable /home/rc1/cqc/R2_Real_ws/devel/.private/orbbec_camera/lib/orbbec_camera/orbbec_camera_node[0m
[ 98%] [32m[1mLinking CXX executable /home/rc1/cqc/R2_Real_ws/devel/.private/orbbec_camera/lib/orbbec_camera/list_camera_profile_mode_node[0m
[ 98%] Built target orbbec_camera_node
[ 98%] Built target list_camera_profile_mode_node
[100%] [32m[1mLinking CXX executable /home/rc1/cqc/R2_Real_ws/devel/.private/orbbec_camera/lib/orbbec_camera/list_devices_node[0m
[100%] Built target list_devices_node
