Symlinking /home/rc1/cqc/R2_Real_ws/devel/lib/liborbbec_camera.so
Symlinking /home/rc1/cqc/R2_Real_ws/devel/lib/liborbbec_camera_nodelet.so
Symlinking /home/rc1/cqc/R2_Real_ws/devel/lib/orbbec_camera/list_devices_node
Symlinking /home/rc1/cqc/R2_Real_ws/devel/lib/orbbec_camera/list_depth_work_mode_node
Symlinking /home/rc1/cqc/R2_Real_ws/devel/lib/orbbec_camera/orbbec_camera_node
Symlinking /home/rc1/cqc/R2_Real_ws/devel/lib/orbbec_camera/list_camera_profile_mode_node
Symlinking /home/rc1/cqc/R2_Real_ws/devel/lib/python3/dist-packages/orbbec_camera/__init__.py
Symlinking /home/rc1/cqc/R2_Real_ws/devel/lib/python3/dist-packages/orbbec_camera/srv/_GetBool.py
Symlinking /home/rc1/cqc/R2_Real_ws/devel/lib/python3/dist-packages/orbbec_camera/srv/_GetDeviceInfo.py
Symlinking /home/rc1/cqc/R2_Real_ws/devel/lib/python3/dist-packages/orbbec_camera/srv/_GetCameraParams.py
Symlinking /home/rc1/cqc/R2_Real_ws/devel/lib/python3/dist-packages/orbbec_camera/srv/_GetInt32.py
Symlinking /home/rc1/cqc/R2_Real_ws/devel/lib/python3/dist-packages/orbbec_camera/srv/_GetString.py
Symlinking /home/rc1/cqc/R2_Real_ws/devel/lib/python3/dist-packages/orbbec_camera/srv/_SetBool.py
Symlinking /home/rc1/cqc/R2_Real_ws/devel/lib/python3/dist-packages/orbbec_camera/srv/__init__.py
Symlinking /home/rc1/cqc/R2_Real_ws/devel/lib/python3/dist-packages/orbbec_camera/srv/_SetString.py
Symlinking /home/rc1/cqc/R2_Real_ws/devel/lib/python3/dist-packages/orbbec_camera/srv/_SetInt32.py
Symlinking /home/rc1/cqc/R2_Real_ws/devel/lib/python3/dist-packages/orbbec_camera/srv/_GetCameraInfo.py
Symlinking /home/rc1/cqc/R2_Real_ws/devel/lib/python3/dist-packages/orbbec_camera/msg/_Extrinsics.py
Symlinking /home/rc1/cqc/R2_Real_ws/devel/lib/python3/dist-packages/orbbec_camera/msg/_Metadata.py
Symlinking /home/rc1/cqc/R2_Real_ws/devel/lib/python3/dist-packages/orbbec_camera/msg/_IMUInfo.py
Symlinking /home/rc1/cqc/R2_Real_ws/devel/lib/python3/dist-packages/orbbec_camera/msg/_DeviceInfo.py
Symlinking /home/rc1/cqc/R2_Real_ws/devel/lib/python3/dist-packages/orbbec_camera/msg/__init__.py
Symlinking /home/rc1/cqc/R2_Real_ws/devel/lib/pkgconfig/orbbec_camera.pc
Symlinking /home/rc1/cqc/R2_Real_ws/devel/include/orbbec_camera/SetInt32Response.h
Symlinking /home/rc1/cqc/R2_Real_ws/devel/include/orbbec_camera/GetInt32.h
Symlinking /home/rc1/cqc/R2_Real_ws/devel/include/orbbec_camera/SetStringRequest.h
Symlinking /home/rc1/cqc/R2_Real_ws/devel/include/orbbec_camera/SetBoolResponse.h
Symlinking /home/rc1/cqc/R2_Real_ws/devel/include/orbbec_camera/GetCameraParamsResponse.h
Symlinking /home/rc1/cqc/R2_Real_ws/devel/include/orbbec_camera/SetStringResponse.h
Symlinking /home/rc1/cqc/R2_Real_ws/devel/include/orbbec_camera/SetInt32.h
Symlinking /home/rc1/cqc/R2_Real_ws/devel/include/orbbec_camera/Metadata.h
Symlinking /home/rc1/cqc/R2_Real_ws/devel/include/orbbec_camera/SetString.h
Symlinking /home/rc1/cqc/R2_Real_ws/devel/include/orbbec_camera/GetCameraParamsRequest.h
Symlinking /home/rc1/cqc/R2_Real_ws/devel/include/orbbec_camera/Extrinsics.h
Symlinking /home/rc1/cqc/R2_Real_ws/devel/include/orbbec_camera/GetString.h
Symlinking /home/rc1/cqc/R2_Real_ws/devel/include/orbbec_camera/GetInt32Response.h
Symlinking /home/rc1/cqc/R2_Real_ws/devel/include/orbbec_camera/GetBool.h
Symlinking /home/rc1/cqc/R2_Real_ws/devel/include/orbbec_camera/SetBoolRequest.h
Symlinking /home/rc1/cqc/R2_Real_ws/devel/include/orbbec_camera/SetBool.h
Symlinking /home/rc1/cqc/R2_Real_ws/devel/include/orbbec_camera/GetDeviceInfoRequest.h
Symlinking /home/rc1/cqc/R2_Real_ws/devel/include/orbbec_camera/GetBoolRequest.h
Symlinking /home/rc1/cqc/R2_Real_ws/devel/include/orbbec_camera/GetDeviceInfoResponse.h
Symlinking /home/rc1/cqc/R2_Real_ws/devel/include/orbbec_camera/GetCameraParams.h
Symlinking /home/rc1/cqc/R2_Real_ws/devel/include/orbbec_camera/GetStringResponse.h
Symlinking /home/rc1/cqc/R2_Real_ws/devel/include/orbbec_camera/GetDeviceInfo.h
Symlinking /home/rc1/cqc/R2_Real_ws/devel/include/orbbec_camera/GetBoolResponse.h
Symlinking /home/rc1/cqc/R2_Real_ws/devel/include/orbbec_camera/GetStringRequest.h
Symlinking /home/rc1/cqc/R2_Real_ws/devel/include/orbbec_camera/GetCameraInfo.h
Symlinking /home/rc1/cqc/R2_Real_ws/devel/include/orbbec_camera/GetInt32Request.h
Symlinking /home/rc1/cqc/R2_Real_ws/devel/include/orbbec_camera/DeviceInfo.h
Symlinking /home/rc1/cqc/R2_Real_ws/devel/include/orbbec_camera/GetCameraInfoRequest.h
Symlinking /home/rc1/cqc/R2_Real_ws/devel/include/orbbec_camera/GetCameraInfoResponse.h
Symlinking /home/rc1/cqc/R2_Real_ws/devel/include/orbbec_camera/SetInt32Request.h
Symlinking /home/rc1/cqc/R2_Real_ws/devel/include/orbbec_camera/IMUInfo.h
Symlinking /home/rc1/cqc/R2_Real_ws/devel/share/orbbec_camera/cmake/orbbec_cameraConfig-version.cmake
Symlinking /home/rc1/cqc/R2_Real_ws/devel/share/orbbec_camera/cmake/orbbec_camera-msg-extras.cmake
Symlinking /home/rc1/cqc/R2_Real_ws/devel/share/orbbec_camera/cmake/orbbec_camera-msg-paths.cmake
Symlinking /home/rc1/cqc/R2_Real_ws/devel/share/orbbec_camera/cmake/orbbec_cameraConfig.cmake
Symlinking /home/rc1/cqc/R2_Real_ws/devel/share/common-lisp/ros/orbbec_camera/srv/_package_GetDeviceInfo.lisp
Symlinking /home/rc1/cqc/R2_Real_ws/devel/share/common-lisp/ros/orbbec_camera/srv/GetInt32.lisp
Symlinking /home/rc1/cqc/R2_Real_ws/devel/share/common-lisp/ros/orbbec_camera/srv/SetString.lisp
Symlinking /home/rc1/cqc/R2_Real_ws/devel/share/common-lisp/ros/orbbec_camera/srv/_package_GetString.lisp
Symlinking /home/rc1/cqc/R2_Real_ws/devel/share/common-lisp/ros/orbbec_camera/srv/SetInt32.lisp
Symlinking /home/rc1/cqc/R2_Real_ws/devel/share/common-lisp/ros/orbbec_camera/srv/GetCameraInfo.lisp
Symlinking /home/rc1/cqc/R2_Real_ws/devel/share/common-lisp/ros/orbbec_camera/srv/_package_SetInt32.lisp
Symlinking /home/rc1/cqc/R2_Real_ws/devel/share/common-lisp/ros/orbbec_camera/srv/GetDeviceInfo.lisp
Symlinking /home/rc1/cqc/R2_Real_ws/devel/share/common-lisp/ros/orbbec_camera/srv/_package_GetCameraInfo.lisp
Symlinking /home/rc1/cqc/R2_Real_ws/devel/share/common-lisp/ros/orbbec_camera/srv/_package_GetBool.lisp
Symlinking /home/rc1/cqc/R2_Real_ws/devel/share/common-lisp/ros/orbbec_camera/srv/orbbec_camera-srv.asd
Symlinking /home/rc1/cqc/R2_Real_ws/devel/share/common-lisp/ros/orbbec_camera/srv/_package_GetCameraParams.lisp
Symlinking /home/rc1/cqc/R2_Real_ws/devel/share/common-lisp/ros/orbbec_camera/srv/_package_SetString.lisp
Symlinking /home/rc1/cqc/R2_Real_ws/devel/share/common-lisp/ros/orbbec_camera/srv/SetBool.lisp
Symlinking /home/rc1/cqc/R2_Real_ws/devel/share/common-lisp/ros/orbbec_camera/srv/_package_GetInt32.lisp
Symlinking /home/rc1/cqc/R2_Real_ws/devel/share/common-lisp/ros/orbbec_camera/srv/GetBool.lisp
Symlinking /home/rc1/cqc/R2_Real_ws/devel/share/common-lisp/ros/orbbec_camera/srv/_package.lisp
Symlinking /home/rc1/cqc/R2_Real_ws/devel/share/common-lisp/ros/orbbec_camera/srv/GetString.lisp
Symlinking /home/rc1/cqc/R2_Real_ws/devel/share/common-lisp/ros/orbbec_camera/srv/GetCameraParams.lisp
Symlinking /home/rc1/cqc/R2_Real_ws/devel/share/common-lisp/ros/orbbec_camera/srv/_package_SetBool.lisp
Symlinking /home/rc1/cqc/R2_Real_ws/devel/share/common-lisp/ros/orbbec_camera/msg/_package_Metadata.lisp
Symlinking /home/rc1/cqc/R2_Real_ws/devel/share/common-lisp/ros/orbbec_camera/msg/orbbec_camera-msg.asd
Symlinking /home/rc1/cqc/R2_Real_ws/devel/share/common-lisp/ros/orbbec_camera/msg/_package_IMUInfo.lisp
Symlinking /home/rc1/cqc/R2_Real_ws/devel/share/common-lisp/ros/orbbec_camera/msg/DeviceInfo.lisp
Symlinking /home/rc1/cqc/R2_Real_ws/devel/share/common-lisp/ros/orbbec_camera/msg/IMUInfo.lisp
Symlinking /home/rc1/cqc/R2_Real_ws/devel/share/common-lisp/ros/orbbec_camera/msg/Metadata.lisp
Symlinking /home/rc1/cqc/R2_Real_ws/devel/share/common-lisp/ros/orbbec_camera/msg/Extrinsics.lisp
Symlinking /home/rc1/cqc/R2_Real_ws/devel/share/common-lisp/ros/orbbec_camera/msg/_package.lisp
Symlinking /home/rc1/cqc/R2_Real_ws/devel/share/common-lisp/ros/orbbec_camera/msg/_package_DeviceInfo.lisp
Symlinking /home/rc1/cqc/R2_Real_ws/devel/share/common-lisp/ros/orbbec_camera/msg/_package_Extrinsics.lisp
Symlinking /home/rc1/cqc/R2_Real_ws/devel/share/gennodejs/ros/orbbec_camera/_index.js
Symlinking /home/rc1/cqc/R2_Real_ws/devel/share/gennodejs/ros/orbbec_camera/srv/GetInt32.js
Symlinking /home/rc1/cqc/R2_Real_ws/devel/share/gennodejs/ros/orbbec_camera/srv/GetCameraInfo.js
Symlinking /home/rc1/cqc/R2_Real_ws/devel/share/gennodejs/ros/orbbec_camera/srv/SetInt32.js
Symlinking /home/rc1/cqc/R2_Real_ws/devel/share/gennodejs/ros/orbbec_camera/srv/GetDeviceInfo.js
Symlinking /home/rc1/cqc/R2_Real_ws/devel/share/gennodejs/ros/orbbec_camera/srv/SetBool.js
Symlinking /home/rc1/cqc/R2_Real_ws/devel/share/gennodejs/ros/orbbec_camera/srv/GetBool.js
Symlinking /home/rc1/cqc/R2_Real_ws/devel/share/gennodejs/ros/orbbec_camera/srv/SetString.js
Symlinking /home/rc1/cqc/R2_Real_ws/devel/share/gennodejs/ros/orbbec_camera/srv/GetString.js
Symlinking /home/rc1/cqc/R2_Real_ws/devel/share/gennodejs/ros/orbbec_camera/srv/_index.js
Symlinking /home/rc1/cqc/R2_Real_ws/devel/share/gennodejs/ros/orbbec_camera/srv/GetCameraParams.js
Symlinking /home/rc1/cqc/R2_Real_ws/devel/share/gennodejs/ros/orbbec_camera/msg/DeviceInfo.js
Symlinking /home/rc1/cqc/R2_Real_ws/devel/share/gennodejs/ros/orbbec_camera/msg/Extrinsics.js
Symlinking /home/rc1/cqc/R2_Real_ws/devel/share/gennodejs/ros/orbbec_camera/msg/IMUInfo.js
Symlinking /home/rc1/cqc/R2_Real_ws/devel/share/gennodejs/ros/orbbec_camera/msg/Metadata.js
Symlinking /home/rc1/cqc/R2_Real_ws/devel/share/gennodejs/ros/orbbec_camera/msg/_index.js
Symlinking /home/rc1/cqc/R2_Real_ws/devel/share/roseus/ros/orbbec_camera/manifest.l
Symlinking /home/rc1/cqc/R2_Real_ws/devel/share/roseus/ros/orbbec_camera/srv/GetCameraParams.l
Symlinking /home/rc1/cqc/R2_Real_ws/devel/share/roseus/ros/orbbec_camera/srv/SetInt32.l
Symlinking /home/rc1/cqc/R2_Real_ws/devel/share/roseus/ros/orbbec_camera/srv/GetCameraInfo.l
Symlinking /home/rc1/cqc/R2_Real_ws/devel/share/roseus/ros/orbbec_camera/srv/GetDeviceInfo.l
Symlinking /home/rc1/cqc/R2_Real_ws/devel/share/roseus/ros/orbbec_camera/srv/SetString.l
Symlinking /home/rc1/cqc/R2_Real_ws/devel/share/roseus/ros/orbbec_camera/srv/GetString.l
Symlinking /home/rc1/cqc/R2_Real_ws/devel/share/roseus/ros/orbbec_camera/srv/SetBool.l
Symlinking /home/rc1/cqc/R2_Real_ws/devel/share/roseus/ros/orbbec_camera/srv/GetInt32.l
Symlinking /home/rc1/cqc/R2_Real_ws/devel/share/roseus/ros/orbbec_camera/srv/GetBool.l
Symlinking /home/rc1/cqc/R2_Real_ws/devel/share/roseus/ros/orbbec_camera/msg/Metadata.l
Symlinking /home/rc1/cqc/R2_Real_ws/devel/share/roseus/ros/orbbec_camera/msg/IMUInfo.l
Symlinking /home/rc1/cqc/R2_Real_ws/devel/share/roseus/ros/orbbec_camera/msg/Extrinsics.l
Symlinking /home/rc1/cqc/R2_Real_ws/devel/share/roseus/ros/orbbec_camera/msg/DeviceInfo.l
