Linked: (/home/rc1/cqc/R2_Real_ws/devel/.private/orbbec_camera/lib/liborbbec_camera.so, /home/rc1/cqc/R2_Real_ws/devel/lib/liborbbec_camera.so)
Linked: (/home/rc1/cqc/R2_Real_ws/devel/.private/orbbec_camera/lib/liborbbec_camera_nodelet.so, /home/rc1/cqc/R2_Real_ws/devel/lib/liborbbec_camera_nodelet.so)
Linked: (/home/rc1/cqc/R2_Real_ws/devel/.private/orbbec_camera/lib/orbbec_camera/list_devices_node, /home/rc1/cqc/R2_Real_ws/devel/lib/orbbec_camera/list_devices_node)
Linked: (/home/rc1/cqc/R2_Real_ws/devel/.private/orbbec_camera/lib/orbbec_camera/list_depth_work_mode_node, /home/rc1/cqc/R2_Real_ws/devel/lib/orbbec_camera/list_depth_work_mode_node)
Linked: (/home/rc1/cqc/R2_Real_ws/devel/.private/orbbec_camera/lib/orbbec_camera/orbbec_camera_node, /home/rc1/cqc/R2_Real_ws/devel/lib/orbbec_camera/orbbec_camera_node)
Linked: (/home/rc1/cqc/R2_Real_ws/devel/.private/orbbec_camera/lib/orbbec_camera/list_camera_profile_mode_node, /home/rc1/cqc/R2_Real_ws/devel/lib/orbbec_camera/list_camera_profile_mode_node)
Linked: (/home/rc1/cqc/R2_Real_ws/devel/.private/orbbec_camera/lib/python3/dist-packages/orbbec_camera/__init__.py, /home/rc1/cqc/R2_Real_ws/devel/lib/python3/dist-packages/orbbec_camera/__init__.py)
Linked: (/home/rc1/cqc/R2_Real_ws/devel/.private/orbbec_camera/lib/python3/dist-packages/orbbec_camera/srv/_GetBool.py, /home/rc1/cqc/R2_Real_ws/devel/lib/python3/dist-packages/orbbec_camera/srv/_GetBool.py)
Linked: (/home/rc1/cqc/R2_Real_ws/devel/.private/orbbec_camera/lib/python3/dist-packages/orbbec_camera/srv/_GetDeviceInfo.py, /home/rc1/cqc/R2_Real_ws/devel/lib/python3/dist-packages/orbbec_camera/srv/_GetDeviceInfo.py)
Linked: (/home/rc1/cqc/R2_Real_ws/devel/.private/orbbec_camera/lib/python3/dist-packages/orbbec_camera/srv/_SetFilter.py, /home/rc1/cqc/R2_Real_ws/devel/lib/python3/dist-packages/orbbec_camera/srv/_SetFilter.py)
Linked: (/home/rc1/cqc/R2_Real_ws/devel/.private/orbbec_camera/lib/python3/dist-packages/orbbec_camera/srv/_GetCameraParams.py, /home/rc1/cqc/R2_Real_ws/devel/lib/python3/dist-packages/orbbec_camera/srv/_GetCameraParams.py)
Linked: (/home/rc1/cqc/R2_Real_ws/devel/.private/orbbec_camera/lib/python3/dist-packages/orbbec_camera/srv/_SetArrays.py, /home/rc1/cqc/R2_Real_ws/devel/lib/python3/dist-packages/orbbec_camera/srv/_SetArrays.py)
Linked: (/home/rc1/cqc/R2_Real_ws/devel/.private/orbbec_camera/lib/python3/dist-packages/orbbec_camera/srv/_GetInt32.py, /home/rc1/cqc/R2_Real_ws/devel/lib/python3/dist-packages/orbbec_camera/srv/_GetInt32.py)
Linked: (/home/rc1/cqc/R2_Real_ws/devel/.private/orbbec_camera/lib/python3/dist-packages/orbbec_camera/srv/_GetString.py, /home/rc1/cqc/R2_Real_ws/devel/lib/python3/dist-packages/orbbec_camera/srv/_GetString.py)
Linked: (/home/rc1/cqc/R2_Real_ws/devel/.private/orbbec_camera/lib/python3/dist-packages/orbbec_camera/srv/_SetBool.py, /home/rc1/cqc/R2_Real_ws/devel/lib/python3/dist-packages/orbbec_camera/srv/_SetBool.py)
Linked: (/home/rc1/cqc/R2_Real_ws/devel/.private/orbbec_camera/lib/python3/dist-packages/orbbec_camera/srv/__init__.py, /home/rc1/cqc/R2_Real_ws/devel/lib/python3/dist-packages/orbbec_camera/srv/__init__.py)
Linked: (/home/rc1/cqc/R2_Real_ws/devel/.private/orbbec_camera/lib/python3/dist-packages/orbbec_camera/srv/_SetString.py, /home/rc1/cqc/R2_Real_ws/devel/lib/python3/dist-packages/orbbec_camera/srv/_SetString.py)
Linked: (/home/rc1/cqc/R2_Real_ws/devel/.private/orbbec_camera/lib/python3/dist-packages/orbbec_camera/srv/_SetInt32.py, /home/rc1/cqc/R2_Real_ws/devel/lib/python3/dist-packages/orbbec_camera/srv/_SetInt32.py)
Linked: (/home/rc1/cqc/R2_Real_ws/devel/.private/orbbec_camera/lib/python3/dist-packages/orbbec_camera/srv/_GetCameraInfo.py, /home/rc1/cqc/R2_Real_ws/devel/lib/python3/dist-packages/orbbec_camera/srv/_GetCameraInfo.py)
Linked: (/home/rc1/cqc/R2_Real_ws/devel/.private/orbbec_camera/lib/python3/dist-packages/orbbec_camera/msg/_Extrinsics.py, /home/rc1/cqc/R2_Real_ws/devel/lib/python3/dist-packages/orbbec_camera/msg/_Extrinsics.py)
Linked: (/home/rc1/cqc/R2_Real_ws/devel/.private/orbbec_camera/lib/python3/dist-packages/orbbec_camera/msg/_Metadata.py, /home/rc1/cqc/R2_Real_ws/devel/lib/python3/dist-packages/orbbec_camera/msg/_Metadata.py)
Linked: (/home/rc1/cqc/R2_Real_ws/devel/.private/orbbec_camera/lib/python3/dist-packages/orbbec_camera/msg/_IMUInfo.py, /home/rc1/cqc/R2_Real_ws/devel/lib/python3/dist-packages/orbbec_camera/msg/_IMUInfo.py)
Linked: (/home/rc1/cqc/R2_Real_ws/devel/.private/orbbec_camera/lib/python3/dist-packages/orbbec_camera/msg/_DeviceInfo.py, /home/rc1/cqc/R2_Real_ws/devel/lib/python3/dist-packages/orbbec_camera/msg/_DeviceInfo.py)
Linked: (/home/rc1/cqc/R2_Real_ws/devel/.private/orbbec_camera/lib/python3/dist-packages/orbbec_camera/msg/__init__.py, /home/rc1/cqc/R2_Real_ws/devel/lib/python3/dist-packages/orbbec_camera/msg/__init__.py)
Linked: (/home/rc1/cqc/R2_Real_ws/devel/.private/orbbec_camera/lib/pkgconfig/orbbec_camera.pc, /home/rc1/cqc/R2_Real_ws/devel/lib/pkgconfig/orbbec_camera.pc)
Linked: (/home/rc1/cqc/R2_Real_ws/devel/.private/orbbec_camera/lib/extensions/depthengine/libdepthengine.so.2.0, /home/rc1/cqc/R2_Real_ws/devel/lib/extensions/depthengine/libdepthengine.so.2.0)
Linked: (/home/rc1/cqc/R2_Real_ws/devel/.private/orbbec_camera/lib/extensions/depthengine/libdepthengine.so, /home/rc1/cqc/R2_Real_ws/devel/lib/extensions/depthengine/libdepthengine.so)
Linked: (/home/rc1/cqc/R2_Real_ws/devel/.private/orbbec_camera/lib/extensions/firmwareupdater/libfirmwareupdater.so, /home/rc1/cqc/R2_Real_ws/devel/lib/extensions/firmwareupdater/libfirmwareupdater.so)
Linked: (/home/rc1/cqc/R2_Real_ws/devel/.private/orbbec_camera/lib/extensions/frameprocessor/libob_frame_processor.so, /home/rc1/cqc/R2_Real_ws/devel/lib/extensions/frameprocessor/libob_frame_processor.so)
Linked: (/home/rc1/cqc/R2_Real_ws/devel/.private/orbbec_camera/lib/extensions/filters/libob_priv_filter.so, /home/rc1/cqc/R2_Real_ws/devel/lib/extensions/filters/libob_priv_filter.so)
Linked: (/home/rc1/cqc/R2_Real_ws/devel/.private/orbbec_camera/lib/extensions/filters/libFilterProcessor.so, /home/rc1/cqc/R2_Real_ws/devel/lib/extensions/filters/libFilterProcessor.so)
Linked: (/home/rc1/cqc/R2_Real_ws/devel/.private/orbbec_camera/include/orbbec_camera/SetInt32Response.h, /home/rc1/cqc/R2_Real_ws/devel/include/orbbec_camera/SetInt32Response.h)
Linked: (/home/rc1/cqc/R2_Real_ws/devel/.private/orbbec_camera/include/orbbec_camera/GetInt32.h, /home/rc1/cqc/R2_Real_ws/devel/include/orbbec_camera/GetInt32.h)
Linked: (/home/rc1/cqc/R2_Real_ws/devel/.private/orbbec_camera/include/orbbec_camera/SetStringRequest.h, /home/rc1/cqc/R2_Real_ws/devel/include/orbbec_camera/SetStringRequest.h)
Linked: (/home/rc1/cqc/R2_Real_ws/devel/.private/orbbec_camera/include/orbbec_camera/SetBoolResponse.h, /home/rc1/cqc/R2_Real_ws/devel/include/orbbec_camera/SetBoolResponse.h)
Linked: (/home/rc1/cqc/R2_Real_ws/devel/.private/orbbec_camera/include/orbbec_camera/GetCameraParamsResponse.h, /home/rc1/cqc/R2_Real_ws/devel/include/orbbec_camera/GetCameraParamsResponse.h)
Linked: (/home/rc1/cqc/R2_Real_ws/devel/.private/orbbec_camera/include/orbbec_camera/SetStringResponse.h, /home/rc1/cqc/R2_Real_ws/devel/include/orbbec_camera/SetStringResponse.h)
Linked: (/home/rc1/cqc/R2_Real_ws/devel/.private/orbbec_camera/include/orbbec_camera/SetInt32.h, /home/rc1/cqc/R2_Real_ws/devel/include/orbbec_camera/SetInt32.h)
Linked: (/home/rc1/cqc/R2_Real_ws/devel/.private/orbbec_camera/include/orbbec_camera/SetArrays.h, /home/rc1/cqc/R2_Real_ws/devel/include/orbbec_camera/SetArrays.h)
Linked: (/home/rc1/cqc/R2_Real_ws/devel/.private/orbbec_camera/include/orbbec_camera/SetFilterRequest.h, /home/rc1/cqc/R2_Real_ws/devel/include/orbbec_camera/SetFilterRequest.h)
Linked: (/home/rc1/cqc/R2_Real_ws/devel/.private/orbbec_camera/include/orbbec_camera/Metadata.h, /home/rc1/cqc/R2_Real_ws/devel/include/orbbec_camera/Metadata.h)
Linked: (/home/rc1/cqc/R2_Real_ws/devel/.private/orbbec_camera/include/orbbec_camera/SetString.h, /home/rc1/cqc/R2_Real_ws/devel/include/orbbec_camera/SetString.h)
Linked: (/home/rc1/cqc/R2_Real_ws/devel/.private/orbbec_camera/include/orbbec_camera/GetCameraParamsRequest.h, /home/rc1/cqc/R2_Real_ws/devel/include/orbbec_camera/GetCameraParamsRequest.h)
Linked: (/home/rc1/cqc/R2_Real_ws/devel/.private/orbbec_camera/include/orbbec_camera/Extrinsics.h, /home/rc1/cqc/R2_Real_ws/devel/include/orbbec_camera/Extrinsics.h)
Linked: (/home/rc1/cqc/R2_Real_ws/devel/.private/orbbec_camera/include/orbbec_camera/GetString.h, /home/rc1/cqc/R2_Real_ws/devel/include/orbbec_camera/GetString.h)
Linked: (/home/rc1/cqc/R2_Real_ws/devel/.private/orbbec_camera/include/orbbec_camera/SetArraysResponse.h, /home/rc1/cqc/R2_Real_ws/devel/include/orbbec_camera/SetArraysResponse.h)
Linked: (/home/rc1/cqc/R2_Real_ws/devel/.private/orbbec_camera/include/orbbec_camera/SetFilter.h, /home/rc1/cqc/R2_Real_ws/devel/include/orbbec_camera/SetFilter.h)
Linked: (/home/rc1/cqc/R2_Real_ws/devel/.private/orbbec_camera/include/orbbec_camera/GetInt32Response.h, /home/rc1/cqc/R2_Real_ws/devel/include/orbbec_camera/GetInt32Response.h)
Linked: (/home/rc1/cqc/R2_Real_ws/devel/.private/orbbec_camera/include/orbbec_camera/GetBool.h, /home/rc1/cqc/R2_Real_ws/devel/include/orbbec_camera/GetBool.h)
Linked: (/home/rc1/cqc/R2_Real_ws/devel/.private/orbbec_camera/include/orbbec_camera/SetBoolRequest.h, /home/rc1/cqc/R2_Real_ws/devel/include/orbbec_camera/SetBoolRequest.h)
Linked: (/home/rc1/cqc/R2_Real_ws/devel/.private/orbbec_camera/include/orbbec_camera/SetBool.h, /home/rc1/cqc/R2_Real_ws/devel/include/orbbec_camera/SetBool.h)
Linked: (/home/rc1/cqc/R2_Real_ws/devel/.private/orbbec_camera/include/orbbec_camera/SetArraysRequest.h, /home/rc1/cqc/R2_Real_ws/devel/include/orbbec_camera/SetArraysRequest.h)
Linked: (/home/rc1/cqc/R2_Real_ws/devel/.private/orbbec_camera/include/orbbec_camera/GetDeviceInfoRequest.h, /home/rc1/cqc/R2_Real_ws/devel/include/orbbec_camera/GetDeviceInfoRequest.h)
Linked: (/home/rc1/cqc/R2_Real_ws/devel/.private/orbbec_camera/include/orbbec_camera/GetBoolRequest.h, /home/rc1/cqc/R2_Real_ws/devel/include/orbbec_camera/GetBoolRequest.h)
Linked: (/home/rc1/cqc/R2_Real_ws/devel/.private/orbbec_camera/include/orbbec_camera/GetDeviceInfoResponse.h, /home/rc1/cqc/R2_Real_ws/devel/include/orbbec_camera/GetDeviceInfoResponse.h)
Linked: (/home/rc1/cqc/R2_Real_ws/devel/.private/orbbec_camera/include/orbbec_camera/GetCameraParams.h, /home/rc1/cqc/R2_Real_ws/devel/include/orbbec_camera/GetCameraParams.h)
Linked: (/home/rc1/cqc/R2_Real_ws/devel/.private/orbbec_camera/include/orbbec_camera/GetStringResponse.h, /home/rc1/cqc/R2_Real_ws/devel/include/orbbec_camera/GetStringResponse.h)
Linked: (/home/rc1/cqc/R2_Real_ws/devel/.private/orbbec_camera/include/orbbec_camera/GetDeviceInfo.h, /home/rc1/cqc/R2_Real_ws/devel/include/orbbec_camera/GetDeviceInfo.h)
Linked: (/home/rc1/cqc/R2_Real_ws/devel/.private/orbbec_camera/include/orbbec_camera/GetBoolResponse.h, /home/rc1/cqc/R2_Real_ws/devel/include/orbbec_camera/GetBoolResponse.h)
Linked: (/home/rc1/cqc/R2_Real_ws/devel/.private/orbbec_camera/include/orbbec_camera/GetStringRequest.h, /home/rc1/cqc/R2_Real_ws/devel/include/orbbec_camera/GetStringRequest.h)
Linked: (/home/rc1/cqc/R2_Real_ws/devel/.private/orbbec_camera/include/orbbec_camera/GetCameraInfo.h, /home/rc1/cqc/R2_Real_ws/devel/include/orbbec_camera/GetCameraInfo.h)
Linked: (/home/rc1/cqc/R2_Real_ws/devel/.private/orbbec_camera/include/orbbec_camera/GetInt32Request.h, /home/rc1/cqc/R2_Real_ws/devel/include/orbbec_camera/GetInt32Request.h)
Linked: (/home/rc1/cqc/R2_Real_ws/devel/.private/orbbec_camera/include/orbbec_camera/SetFilterResponse.h, /home/rc1/cqc/R2_Real_ws/devel/include/orbbec_camera/SetFilterResponse.h)
Linked: (/home/rc1/cqc/R2_Real_ws/devel/.private/orbbec_camera/include/orbbec_camera/DeviceInfo.h, /home/rc1/cqc/R2_Real_ws/devel/include/orbbec_camera/DeviceInfo.h)
Linked: (/home/rc1/cqc/R2_Real_ws/devel/.private/orbbec_camera/include/orbbec_camera/GetCameraInfoRequest.h, /home/rc1/cqc/R2_Real_ws/devel/include/orbbec_camera/GetCameraInfoRequest.h)
Linked: (/home/rc1/cqc/R2_Real_ws/devel/.private/orbbec_camera/include/orbbec_camera/GetCameraInfoResponse.h, /home/rc1/cqc/R2_Real_ws/devel/include/orbbec_camera/GetCameraInfoResponse.h)
Linked: (/home/rc1/cqc/R2_Real_ws/devel/.private/orbbec_camera/include/orbbec_camera/SetInt32Request.h, /home/rc1/cqc/R2_Real_ws/devel/include/orbbec_camera/SetInt32Request.h)
Linked: (/home/rc1/cqc/R2_Real_ws/devel/.private/orbbec_camera/include/orbbec_camera/IMUInfo.h, /home/rc1/cqc/R2_Real_ws/devel/include/orbbec_camera/IMUInfo.h)
Linked: (/home/rc1/cqc/R2_Real_ws/devel/.private/orbbec_camera/share/orbbec_camera/cmake/orbbec_cameraConfig-version.cmake, /home/rc1/cqc/R2_Real_ws/devel/share/orbbec_camera/cmake/orbbec_cameraConfig-version.cmake)
Linked: (/home/rc1/cqc/R2_Real_ws/devel/.private/orbbec_camera/share/orbbec_camera/cmake/orbbec_camera-msg-extras.cmake, /home/rc1/cqc/R2_Real_ws/devel/share/orbbec_camera/cmake/orbbec_camera-msg-extras.cmake)
Linked: (/home/rc1/cqc/R2_Real_ws/devel/.private/orbbec_camera/share/orbbec_camera/cmake/orbbec_camera-msg-paths.cmake, /home/rc1/cqc/R2_Real_ws/devel/share/orbbec_camera/cmake/orbbec_camera-msg-paths.cmake)
Linked: (/home/rc1/cqc/R2_Real_ws/devel/.private/orbbec_camera/share/orbbec_camera/cmake/orbbec_cameraConfig.cmake, /home/rc1/cqc/R2_Real_ws/devel/share/orbbec_camera/cmake/orbbec_cameraConfig.cmake)
Linked: (/home/rc1/cqc/R2_Real_ws/devel/.private/orbbec_camera/share/common-lisp/ros/orbbec_camera/srv/_package_GetDeviceInfo.lisp, /home/rc1/cqc/R2_Real_ws/devel/share/common-lisp/ros/orbbec_camera/srv/_package_GetDeviceInfo.lisp)
Linked: (/home/rc1/cqc/R2_Real_ws/devel/.private/orbbec_camera/share/common-lisp/ros/orbbec_camera/srv/GetInt32.lisp, /home/rc1/cqc/R2_Real_ws/devel/share/common-lisp/ros/orbbec_camera/srv/GetInt32.lisp)
Linked: (/home/rc1/cqc/R2_Real_ws/devel/.private/orbbec_camera/share/common-lisp/ros/orbbec_camera/srv/SetString.lisp, /home/rc1/cqc/R2_Real_ws/devel/share/common-lisp/ros/orbbec_camera/srv/SetString.lisp)
Linked: (/home/rc1/cqc/R2_Real_ws/devel/.private/orbbec_camera/share/common-lisp/ros/orbbec_camera/srv/_package_GetString.lisp, /home/rc1/cqc/R2_Real_ws/devel/share/common-lisp/ros/orbbec_camera/srv/_package_GetString.lisp)
Linked: (/home/rc1/cqc/R2_Real_ws/devel/.private/orbbec_camera/share/common-lisp/ros/orbbec_camera/srv/SetInt32.lisp, /home/rc1/cqc/R2_Real_ws/devel/share/common-lisp/ros/orbbec_camera/srv/SetInt32.lisp)
Linked: (/home/rc1/cqc/R2_Real_ws/devel/.private/orbbec_camera/share/common-lisp/ros/orbbec_camera/srv/GetCameraInfo.lisp, /home/rc1/cqc/R2_Real_ws/devel/share/common-lisp/ros/orbbec_camera/srv/GetCameraInfo.lisp)
Linked: (/home/rc1/cqc/R2_Real_ws/devel/.private/orbbec_camera/share/common-lisp/ros/orbbec_camera/srv/_package_SetFilter.lisp, /home/rc1/cqc/R2_Real_ws/devel/share/common-lisp/ros/orbbec_camera/srv/_package_SetFilter.lisp)
Linked: (/home/rc1/cqc/R2_Real_ws/devel/.private/orbbec_camera/share/common-lisp/ros/orbbec_camera/srv/_package_SetInt32.lisp, /home/rc1/cqc/R2_Real_ws/devel/share/common-lisp/ros/orbbec_camera/srv/_package_SetInt32.lisp)
Linked: (/home/rc1/cqc/R2_Real_ws/devel/.private/orbbec_camera/share/common-lisp/ros/orbbec_camera/srv/SetFilter.lisp, /home/rc1/cqc/R2_Real_ws/devel/share/common-lisp/ros/orbbec_camera/srv/SetFilter.lisp)
Linked: (/home/rc1/cqc/R2_Real_ws/devel/.private/orbbec_camera/share/common-lisp/ros/orbbec_camera/srv/GetDeviceInfo.lisp, /home/rc1/cqc/R2_Real_ws/devel/share/common-lisp/ros/orbbec_camera/srv/GetDeviceInfo.lisp)
Linked: (/home/rc1/cqc/R2_Real_ws/devel/.private/orbbec_camera/share/common-lisp/ros/orbbec_camera/srv/_package_GetCameraInfo.lisp, /home/rc1/cqc/R2_Real_ws/devel/share/common-lisp/ros/orbbec_camera/srv/_package_GetCameraInfo.lisp)
Linked: (/home/rc1/cqc/R2_Real_ws/devel/.private/orbbec_camera/share/common-lisp/ros/orbbec_camera/srv/_package_GetBool.lisp, /home/rc1/cqc/R2_Real_ws/devel/share/common-lisp/ros/orbbec_camera/srv/_package_GetBool.lisp)
Linked: (/home/rc1/cqc/R2_Real_ws/devel/.private/orbbec_camera/share/common-lisp/ros/orbbec_camera/srv/orbbec_camera-srv.asd, /home/rc1/cqc/R2_Real_ws/devel/share/common-lisp/ros/orbbec_camera/srv/orbbec_camera-srv.asd)
Linked: (/home/rc1/cqc/R2_Real_ws/devel/.private/orbbec_camera/share/common-lisp/ros/orbbec_camera/srv/_package_GetCameraParams.lisp, /home/rc1/cqc/R2_Real_ws/devel/share/common-lisp/ros/orbbec_camera/srv/_package_GetCameraParams.lisp)
Linked: (/home/rc1/cqc/R2_Real_ws/devel/.private/orbbec_camera/share/common-lisp/ros/orbbec_camera/srv/_package_SetString.lisp, /home/rc1/cqc/R2_Real_ws/devel/share/common-lisp/ros/orbbec_camera/srv/_package_SetString.lisp)
Linked: (/home/rc1/cqc/R2_Real_ws/devel/.private/orbbec_camera/share/common-lisp/ros/orbbec_camera/srv/SetBool.lisp, /home/rc1/cqc/R2_Real_ws/devel/share/common-lisp/ros/orbbec_camera/srv/SetBool.lisp)
Linked: (/home/rc1/cqc/R2_Real_ws/devel/.private/orbbec_camera/share/common-lisp/ros/orbbec_camera/srv/_package_SetArrays.lisp, /home/rc1/cqc/R2_Real_ws/devel/share/common-lisp/ros/orbbec_camera/srv/_package_SetArrays.lisp)
Linked: (/home/rc1/cqc/R2_Real_ws/devel/.private/orbbec_camera/share/common-lisp/ros/orbbec_camera/srv/_package_GetInt32.lisp, /home/rc1/cqc/R2_Real_ws/devel/share/common-lisp/ros/orbbec_camera/srv/_package_GetInt32.lisp)
Linked: (/home/rc1/cqc/R2_Real_ws/devel/.private/orbbec_camera/share/common-lisp/ros/orbbec_camera/srv/GetBool.lisp, /home/rc1/cqc/R2_Real_ws/devel/share/common-lisp/ros/orbbec_camera/srv/GetBool.lisp)
Linked: (/home/rc1/cqc/R2_Real_ws/devel/.private/orbbec_camera/share/common-lisp/ros/orbbec_camera/srv/_package.lisp, /home/rc1/cqc/R2_Real_ws/devel/share/common-lisp/ros/orbbec_camera/srv/_package.lisp)
Linked: (/home/rc1/cqc/R2_Real_ws/devel/.private/orbbec_camera/share/common-lisp/ros/orbbec_camera/srv/GetString.lisp, /home/rc1/cqc/R2_Real_ws/devel/share/common-lisp/ros/orbbec_camera/srv/GetString.lisp)
Linked: (/home/rc1/cqc/R2_Real_ws/devel/.private/orbbec_camera/share/common-lisp/ros/orbbec_camera/srv/GetCameraParams.lisp, /home/rc1/cqc/R2_Real_ws/devel/share/common-lisp/ros/orbbec_camera/srv/GetCameraParams.lisp)
Linked: (/home/rc1/cqc/R2_Real_ws/devel/.private/orbbec_camera/share/common-lisp/ros/orbbec_camera/srv/_package_SetBool.lisp, /home/rc1/cqc/R2_Real_ws/devel/share/common-lisp/ros/orbbec_camera/srv/_package_SetBool.lisp)
Linked: (/home/rc1/cqc/R2_Real_ws/devel/.private/orbbec_camera/share/common-lisp/ros/orbbec_camera/srv/SetArrays.lisp, /home/rc1/cqc/R2_Real_ws/devel/share/common-lisp/ros/orbbec_camera/srv/SetArrays.lisp)
Linked: (/home/rc1/cqc/R2_Real_ws/devel/.private/orbbec_camera/share/common-lisp/ros/orbbec_camera/msg/_package_Metadata.lisp, /home/rc1/cqc/R2_Real_ws/devel/share/common-lisp/ros/orbbec_camera/msg/_package_Metadata.lisp)
Linked: (/home/rc1/cqc/R2_Real_ws/devel/.private/orbbec_camera/share/common-lisp/ros/orbbec_camera/msg/orbbec_camera-msg.asd, /home/rc1/cqc/R2_Real_ws/devel/share/common-lisp/ros/orbbec_camera/msg/orbbec_camera-msg.asd)
Linked: (/home/rc1/cqc/R2_Real_ws/devel/.private/orbbec_camera/share/common-lisp/ros/orbbec_camera/msg/_package_IMUInfo.lisp, /home/rc1/cqc/R2_Real_ws/devel/share/common-lisp/ros/orbbec_camera/msg/_package_IMUInfo.lisp)
Linked: (/home/rc1/cqc/R2_Real_ws/devel/.private/orbbec_camera/share/common-lisp/ros/orbbec_camera/msg/DeviceInfo.lisp, /home/rc1/cqc/R2_Real_ws/devel/share/common-lisp/ros/orbbec_camera/msg/DeviceInfo.lisp)
Linked: (/home/rc1/cqc/R2_Real_ws/devel/.private/orbbec_camera/share/common-lisp/ros/orbbec_camera/msg/IMUInfo.lisp, /home/rc1/cqc/R2_Real_ws/devel/share/common-lisp/ros/orbbec_camera/msg/IMUInfo.lisp)
Linked: (/home/rc1/cqc/R2_Real_ws/devel/.private/orbbec_camera/share/common-lisp/ros/orbbec_camera/msg/Metadata.lisp, /home/rc1/cqc/R2_Real_ws/devel/share/common-lisp/ros/orbbec_camera/msg/Metadata.lisp)
Linked: (/home/rc1/cqc/R2_Real_ws/devel/.private/orbbec_camera/share/common-lisp/ros/orbbec_camera/msg/Extrinsics.lisp, /home/rc1/cqc/R2_Real_ws/devel/share/common-lisp/ros/orbbec_camera/msg/Extrinsics.lisp)
Linked: (/home/rc1/cqc/R2_Real_ws/devel/.private/orbbec_camera/share/common-lisp/ros/orbbec_camera/msg/_package.lisp, /home/rc1/cqc/R2_Real_ws/devel/share/common-lisp/ros/orbbec_camera/msg/_package.lisp)
Linked: (/home/rc1/cqc/R2_Real_ws/devel/.private/orbbec_camera/share/common-lisp/ros/orbbec_camera/msg/_package_DeviceInfo.lisp, /home/rc1/cqc/R2_Real_ws/devel/share/common-lisp/ros/orbbec_camera/msg/_package_DeviceInfo.lisp)
Linked: (/home/rc1/cqc/R2_Real_ws/devel/.private/orbbec_camera/share/common-lisp/ros/orbbec_camera/msg/_package_Extrinsics.lisp, /home/rc1/cqc/R2_Real_ws/devel/share/common-lisp/ros/orbbec_camera/msg/_package_Extrinsics.lisp)
Linked: (/home/rc1/cqc/R2_Real_ws/devel/.private/orbbec_camera/share/gennodejs/ros/orbbec_camera/_index.js, /home/rc1/cqc/R2_Real_ws/devel/share/gennodejs/ros/orbbec_camera/_index.js)
Linked: (/home/rc1/cqc/R2_Real_ws/devel/.private/orbbec_camera/share/gennodejs/ros/orbbec_camera/srv/GetInt32.js, /home/rc1/cqc/R2_Real_ws/devel/share/gennodejs/ros/orbbec_camera/srv/GetInt32.js)
Linked: (/home/rc1/cqc/R2_Real_ws/devel/.private/orbbec_camera/share/gennodejs/ros/orbbec_camera/srv/GetCameraInfo.js, /home/rc1/cqc/R2_Real_ws/devel/share/gennodejs/ros/orbbec_camera/srv/GetCameraInfo.js)
Linked: (/home/rc1/cqc/R2_Real_ws/devel/.private/orbbec_camera/share/gennodejs/ros/orbbec_camera/srv/SetInt32.js, /home/rc1/cqc/R2_Real_ws/devel/share/gennodejs/ros/orbbec_camera/srv/SetInt32.js)
Linked: (/home/rc1/cqc/R2_Real_ws/devel/.private/orbbec_camera/share/gennodejs/ros/orbbec_camera/srv/GetDeviceInfo.js, /home/rc1/cqc/R2_Real_ws/devel/share/gennodejs/ros/orbbec_camera/srv/GetDeviceInfo.js)
Linked: (/home/rc1/cqc/R2_Real_ws/devel/.private/orbbec_camera/share/gennodejs/ros/orbbec_camera/srv/SetBool.js, /home/rc1/cqc/R2_Real_ws/devel/share/gennodejs/ros/orbbec_camera/srv/SetBool.js)
Linked: (/home/rc1/cqc/R2_Real_ws/devel/.private/orbbec_camera/share/gennodejs/ros/orbbec_camera/srv/GetBool.js, /home/rc1/cqc/R2_Real_ws/devel/share/gennodejs/ros/orbbec_camera/srv/GetBool.js)
Linked: (/home/rc1/cqc/R2_Real_ws/devel/.private/orbbec_camera/share/gennodejs/ros/orbbec_camera/srv/SetString.js, /home/rc1/cqc/R2_Real_ws/devel/share/gennodejs/ros/orbbec_camera/srv/SetString.js)
Linked: (/home/rc1/cqc/R2_Real_ws/devel/.private/orbbec_camera/share/gennodejs/ros/orbbec_camera/srv/GetString.js, /home/rc1/cqc/R2_Real_ws/devel/share/gennodejs/ros/orbbec_camera/srv/GetString.js)
Linked: (/home/rc1/cqc/R2_Real_ws/devel/.private/orbbec_camera/share/gennodejs/ros/orbbec_camera/srv/_index.js, /home/rc1/cqc/R2_Real_ws/devel/share/gennodejs/ros/orbbec_camera/srv/_index.js)
Linked: (/home/rc1/cqc/R2_Real_ws/devel/.private/orbbec_camera/share/gennodejs/ros/orbbec_camera/srv/SetFilter.js, /home/rc1/cqc/R2_Real_ws/devel/share/gennodejs/ros/orbbec_camera/srv/SetFilter.js)
Linked: (/home/rc1/cqc/R2_Real_ws/devel/.private/orbbec_camera/share/gennodejs/ros/orbbec_camera/srv/SetArrays.js, /home/rc1/cqc/R2_Real_ws/devel/share/gennodejs/ros/orbbec_camera/srv/SetArrays.js)
Linked: (/home/rc1/cqc/R2_Real_ws/devel/.private/orbbec_camera/share/gennodejs/ros/orbbec_camera/srv/GetCameraParams.js, /home/rc1/cqc/R2_Real_ws/devel/share/gennodejs/ros/orbbec_camera/srv/GetCameraParams.js)
Linked: (/home/rc1/cqc/R2_Real_ws/devel/.private/orbbec_camera/share/gennodejs/ros/orbbec_camera/msg/DeviceInfo.js, /home/rc1/cqc/R2_Real_ws/devel/share/gennodejs/ros/orbbec_camera/msg/DeviceInfo.js)
Linked: (/home/rc1/cqc/R2_Real_ws/devel/.private/orbbec_camera/share/gennodejs/ros/orbbec_camera/msg/Extrinsics.js, /home/rc1/cqc/R2_Real_ws/devel/share/gennodejs/ros/orbbec_camera/msg/Extrinsics.js)
Linked: (/home/rc1/cqc/R2_Real_ws/devel/.private/orbbec_camera/share/gennodejs/ros/orbbec_camera/msg/IMUInfo.js, /home/rc1/cqc/R2_Real_ws/devel/share/gennodejs/ros/orbbec_camera/msg/IMUInfo.js)
Linked: (/home/rc1/cqc/R2_Real_ws/devel/.private/orbbec_camera/share/gennodejs/ros/orbbec_camera/msg/Metadata.js, /home/rc1/cqc/R2_Real_ws/devel/share/gennodejs/ros/orbbec_camera/msg/Metadata.js)
Linked: (/home/rc1/cqc/R2_Real_ws/devel/.private/orbbec_camera/share/gennodejs/ros/orbbec_camera/msg/_index.js, /home/rc1/cqc/R2_Real_ws/devel/share/gennodejs/ros/orbbec_camera/msg/_index.js)
Linked: (/home/rc1/cqc/R2_Real_ws/devel/.private/orbbec_camera/share/roseus/ros/orbbec_camera/manifest.l, /home/rc1/cqc/R2_Real_ws/devel/share/roseus/ros/orbbec_camera/manifest.l)
Linked: (/home/rc1/cqc/R2_Real_ws/devel/.private/orbbec_camera/share/roseus/ros/orbbec_camera/srv/GetCameraParams.l, /home/rc1/cqc/R2_Real_ws/devel/share/roseus/ros/orbbec_camera/srv/GetCameraParams.l)
Linked: (/home/rc1/cqc/R2_Real_ws/devel/.private/orbbec_camera/share/roseus/ros/orbbec_camera/srv/SetInt32.l, /home/rc1/cqc/R2_Real_ws/devel/share/roseus/ros/orbbec_camera/srv/SetInt32.l)
Linked: (/home/rc1/cqc/R2_Real_ws/devel/.private/orbbec_camera/share/roseus/ros/orbbec_camera/srv/GetCameraInfo.l, /home/rc1/cqc/R2_Real_ws/devel/share/roseus/ros/orbbec_camera/srv/GetCameraInfo.l)
Linked: (/home/rc1/cqc/R2_Real_ws/devel/.private/orbbec_camera/share/roseus/ros/orbbec_camera/srv/GetDeviceInfo.l, /home/rc1/cqc/R2_Real_ws/devel/share/roseus/ros/orbbec_camera/srv/GetDeviceInfo.l)
Linked: (/home/rc1/cqc/R2_Real_ws/devel/.private/orbbec_camera/share/roseus/ros/orbbec_camera/srv/SetFilter.l, /home/rc1/cqc/R2_Real_ws/devel/share/roseus/ros/orbbec_camera/srv/SetFilter.l)
Linked: (/home/rc1/cqc/R2_Real_ws/devel/.private/orbbec_camera/share/roseus/ros/orbbec_camera/srv/SetString.l, /home/rc1/cqc/R2_Real_ws/devel/share/roseus/ros/orbbec_camera/srv/SetString.l)
Linked: (/home/rc1/cqc/R2_Real_ws/devel/.private/orbbec_camera/share/roseus/ros/orbbec_camera/srv/GetString.l, /home/rc1/cqc/R2_Real_ws/devel/share/roseus/ros/orbbec_camera/srv/GetString.l)
Linked: (/home/rc1/cqc/R2_Real_ws/devel/.private/orbbec_camera/share/roseus/ros/orbbec_camera/srv/SetBool.l, /home/rc1/cqc/R2_Real_ws/devel/share/roseus/ros/orbbec_camera/srv/SetBool.l)
Linked: (/home/rc1/cqc/R2_Real_ws/devel/.private/orbbec_camera/share/roseus/ros/orbbec_camera/srv/GetInt32.l, /home/rc1/cqc/R2_Real_ws/devel/share/roseus/ros/orbbec_camera/srv/GetInt32.l)
Linked: (/home/rc1/cqc/R2_Real_ws/devel/.private/orbbec_camera/share/roseus/ros/orbbec_camera/srv/GetBool.l, /home/rc1/cqc/R2_Real_ws/devel/share/roseus/ros/orbbec_camera/srv/GetBool.l)
Linked: (/home/rc1/cqc/R2_Real_ws/devel/.private/orbbec_camera/share/roseus/ros/orbbec_camera/srv/SetArrays.l, /home/rc1/cqc/R2_Real_ws/devel/share/roseus/ros/orbbec_camera/srv/SetArrays.l)
Linked: (/home/rc1/cqc/R2_Real_ws/devel/.private/orbbec_camera/share/roseus/ros/orbbec_camera/msg/Metadata.l, /home/rc1/cqc/R2_Real_ws/devel/share/roseus/ros/orbbec_camera/msg/Metadata.l)
Linked: (/home/rc1/cqc/R2_Real_ws/devel/.private/orbbec_camera/share/roseus/ros/orbbec_camera/msg/IMUInfo.l, /home/rc1/cqc/R2_Real_ws/devel/share/roseus/ros/orbbec_camera/msg/IMUInfo.l)
Linked: (/home/rc1/cqc/R2_Real_ws/devel/.private/orbbec_camera/share/roseus/ros/orbbec_camera/msg/Extrinsics.l, /home/rc1/cqc/R2_Real_ws/devel/share/roseus/ros/orbbec_camera/msg/Extrinsics.l)
Linked: (/home/rc1/cqc/R2_Real_ws/devel/.private/orbbec_camera/share/roseus/ros/orbbec_camera/msg/DeviceInfo.l, /home/rc1/cqc/R2_Real_ws/devel/share/roseus/ros/orbbec_camera/msg/DeviceInfo.l)
