[  0%] Built target _orbbec_camera_generate_messages_check_deps_SetBool
[  0%] Built target _orbbec_camera_generate_messages_check_deps_SetString
[  0%] Built target _orbbec_camera_generate_messages_check_deps_GetCameraInfo
[  0%] Built target _orbbec_camera_generate_messages_check_deps_IMUInfo
[  0%] Built target _orbbec_camera_generate_messages_check_deps_Extrinsics
[  0%] Built target _orbbec_camera_generate_messages_check_deps_GetString
[  0%] Built target std_msgs_generate_messages_cpp
[  0%] Built target _orbbec_camera_generate_messages_check_deps_GetCameraParams
[  0%] Built target _orbbec_camera_generate_messages_check_deps_GetBool
[  0%] Built target sensor_msgs_generate_messages_cpp
[  0%] Built target _orbbec_camera_generate_messages_check_deps_DeviceInfo
[  0%] Built target _orbbec_camera_generate_messages_check_deps_GetDeviceInfo
[  0%] Built target _orbbec_camera_generate_messages_check_deps_SetInt32
[  0%] Built target sensor_msgs_generate_messages_py
[  0%] Built target _orbbec_camera_generate_messages_check_deps_Metadata
[  0%] Built target std_msgs_generate_messages_py
[  0%] Built target std_msgs_generate_messages_nodejs
[  0%] Built target _orbbec_camera_generate_messages_check_deps_GetInt32
[  0%] Built target sensor_msgs_generate_messages_nodejs
[  0%] Built target sensor_msgs_generate_messages_lisp
[  0%] Built target std_msgs_generate_messages_lisp
[  0%] Built target sensor_msgs_generate_messages_eus
[  0%] Built target std_msgs_generate_messages_eus
[ 12%] Built target orbbec_camera_generate_messages_cpp
[ 29%] Built target orbbec_camera_generate_messages_py
[ 41%] Built target orbbec_camera_generate_messages_nodejs
[ 55%] Built target orbbec_camera_generate_messages_lisp
[ 70%] Built target orbbec_camera_generate_messages_eus
[ 80%] Built target orbbec_camera
[ 91%] Built target orbbec_camera_nodelet
[ 91%] Built target orbbec_camera_generate_messages
[ 93%] Built target orbbec_camera_node
[ 95%] Built target list_camera_profile_mode_node
[ 97%] Built target list_depth_work_mode_node
[100%] Built target list_devices_node
