[  0%] Built target std_msgs_generate_messages_lisp
[  0%] Built target std_msgs_generate_messages_nodejs
[  0%] Built target geometry_msgs_generate_messages_nodejs
[  0%] Built target dynamic_reconfigure_generate_messages_lisp
[  0%] Built target sensor_msgs_generate_messages_nodejs
[  0%] Built target sensor_msgs_generate_messages_lisp
[  0%] Built target geometry_msgs_generate_messages_lisp
[  0%] Built target geometry_msgs_generate_messages_cpp
[  0%] Built target tf_generate_messages_nodejs
[  0%] Built target tf_generate_messages_cpp
[  0%] Built target tf_generate_messages_lisp
[  0%] Built target std_msgs_generate_messages_cpp
[  0%] Built target _conqu_vision_generate_messages_check_deps_ByteArray
[  0%] Built target topic_tools_generate_messages_nodejs
[  0%] Built target sensor_msgs_generate_messages_cpp
[  0%] Built target std_msgs_generate_messages_py
[  0%] Built target topic_tools_generate_messages_lisp
[  0%] Built target geometry_msgs_generate_messages_py
[  0%] Built target topic_tools_generate_messages_eus
[  0%] Built target std_srvs_generate_messages_lisp
[  0%] Built target sensor_msgs_generate_messages_py
[  0%] Built target std_srvs_generate_messages_eus
[  0%] Built target bond_generate_messages_py
[  0%] Built target topic_tools_generate_messages_cpp
[  0%] Built target bond_generate_messages_lisp
[  0%] Built target bond_generate_messages_nodejs
[  0%] Built target bond_generate_messages_eus
[  0%] Built target nodelet_generate_messages_nodejs
[  0%] Built target nodelet_generate_messages_py
[  0%] Built target std_srvs_generate_messages_nodejs
[  0%] Built target rosgraph_msgs_generate_messages_nodejs
[  0%] Built target actionlib_msgs_generate_messages_py
[  0%] Built target actionlib_generate_messages_cpp
[  0%] Built target rosgraph_msgs_generate_messages_lisp
[  0%] Built target tf_generate_messages_eus
[  0%] Built target rosgraph_msgs_generate_messages_eus
[  0%] Built target roscpp_generate_messages_eus
[  0%] Built target std_srvs_generate_messages_py
[  0%] Built target pcl_ros_gencfg
[  0%] Built target geometry_msgs_generate_messages_eus
[  0%] Built target nodelet_generate_messages_lisp
[  0%] Built target roscpp_generate_messages_lisp
[  0%] Built target roscpp_generate_messages_nodejs
[  0%] Built target actionlib_generate_messages_lisp
[  0%] Built target topic_tools_generate_messages_py
[  0%] Built target roscpp_generate_messages_cpp
[  0%] Built target sensor_msgs_generate_messages_eus
[  0%] Built target tf2_msgs_generate_messages_eus
[  0%] Built target nodelet_topic_tools_gencfg
[  0%] Built target actionlib_msgs_generate_messages_eus
[  0%] Built target dynamic_reconfigure_generate_messages_py
[  0%] Built target pcl_msgs_generate_messages_cpp
[  0%] Built target std_srvs_generate_messages_cpp
[  0%] Built target rosgraph_msgs_generate_messages_py
[  0%] Built target tf2_msgs_generate_messages_lisp
[  0%] Built target tf2_msgs_generate_messages_py
[  0%] Built target bond_generate_messages_cpp
[  0%] Built target roscpp_generate_messages_py
[  0%] Built target std_msgs_generate_messages_eus
[  0%] Built target dynamic_reconfigure_generate_messages_nodejs
[  0%] Built target tf2_msgs_generate_messages_nodejs
[  0%] Built target actionlib_msgs_generate_messages_cpp
[  0%] Built target tf_generate_messages_py
[  0%] Built target rosgraph_msgs_generate_messages_cpp
[  0%] Built target actionlib_generate_messages_py
[  0%] Built target actionlib_msgs_generate_messages_lisp
[  0%] Built target actionlib_generate_messages_eus
[  0%] Built target actionlib_msgs_generate_messages_nodejs
[  0%] Built target nodelet_generate_messages_eus
[  0%] Built target pcl_msgs_generate_messages_eus
[  0%] Built target pcl_msgs_generate_messages_py
[  0%] Built target pcl_msgs_generate_messages_nodejs
[  0%] Built target actionlib_generate_messages_nodejs
[  0%] Built target dynamic_reconfigure_generate_messages_cpp
[  0%] Built target pcl_msgs_generate_messages_lisp
[35m[1mScanning dependencies of target sync_imu_lidar[0m
[  0%] Built target dynamic_reconfigure_generate_messages_eus
[  0%] Built target tf2_msgs_generate_messages_cpp
[  0%] Built target dynamic_reconfigure_gencfg
[  0%] Built target nodelet_generate_messages_cpp
[  5%] Built target conqu_vision_generate_messages_nodejs
[ 11%] Built target conqu_vision_generate_messages_lisp
[ 17%] Built target conqu_vision_generate_messages_cpp
[ 29%] Built target conqu_vision_generate_messages_eus
[ 35%] [32mBuilding CXX object CMakeFiles/sync_imu_lidar.dir/src/sync_imu_lidar.cpp.o[0m
[ 47%] Built target conqu_vision_generate_messages_py
[ 47%] Built target conqu_vision_generate_messages
[ 64%] Built target serial_send
[ 70%] Built target camera_deliver
[ 82%] Built target serial_comm
[ 94%] Built target backboard_detector
[01m[K/home/rc1/cqc/R2_Real_ws/src/conqu_vision/src/sync_imu_lidar.cpp:[m[K In constructor ‘[01m[KSyncImuLidar::SyncImuLidar()[m[K’:
[01m[K/home/rc1/cqc/R2_Real_ws/src/conqu_vision/src/sync_imu_lidar.cpp:20:51:[m[K [01;31m[Kerror: [m[K‘[01m[Ksync_policies[m[K’ was not declared in this scope; did you mean ‘[01m[Kmessage_filters::sync_policies[m[K’?
   20 |         sync_ = new message_filters::Synchronizer<[01;31m[Ksync_policies[m[K::ApproximateTime<sensor_msgs::Imu, sensor_msgs::LaserScan>>(
      |                                                   [01;31m[K^~~~~~~~~~~~~[m[K
      |                                                   [32m[Kmessage_filters::sync_policies[m[K
In file included from [01m[K/home/rc1/cqc/R2_Real_ws/src/conqu_vision/src/sync_imu_lidar.cpp:4[m[K:
[01m[K/opt/ros/noetic/include/message_filters/sync_policies/approximate_time.h:65:11:[m[K [01;36m[Knote: [m[K‘[01m[Kmessage_filters::sync_policies[m[K’ declared here
   65 | namespace [01;36m[Ksync_policies[m[K
      |           [01;36m[K^~~~~~~~~~~~~[m[K
[01m[K/home/rc1/cqc/R2_Real_ws/src/conqu_vision/src/sync_imu_lidar.cpp:20:122:[m[K [01;31m[Kerror: [m[Ktemplate argument 1 is invalid
   20 |         sync_ = new message_filters::Synchronizer<sync_policies::ApproximateTime<sensor_msgs::Imu, sensor_msgs::LaserScan[01;31m[K>>[m[K(
      |                                                                                                                          [01;31m[K^~[m[K
[01m[K/home/rc1/cqc/R2_Real_ws/src/conqu_vision/src/sync_imu_lidar.cpp:21:13:[m[K [01;31m[Kerror: [m[K‘[01m[Ksync_policies[m[K’ is not a class, namespace, or enumeration
   21 |             [01;31m[Ksync_policies[m[K::ApproximateTime<sensor_msgs::Imu, sensor_msgs::LaserScan>(10, 0.1),
      |             [01;31m[K^~~~~~~~~~~~~[m[K
[01m[K/home/rc1/cqc/R2_Real_ws/src/conqu_vision/src/sync_imu_lidar.cpp:21:60:[m[K [01;31m[Kerror: [m[Kexpected primary-expression before ‘[01m[K,[m[K’ token
   21 |             sync_policies::ApproximateTime<sensor_msgs::Imu[01;31m[K,[m[K sensor_msgs::LaserScan>(10, 0.1),
      |                                                            [01;31m[K^[m[K
[01m[K/home/rc1/cqc/R2_Real_ws/src/conqu_vision/src/sync_imu_lidar.cpp:21:84:[m[K [01;31m[Kerror: [m[Kexpected primary-expression before ‘[01m[K>[m[K’ token
   21 |             sync_policies::ApproximateTime<sensor_msgs::Imu, sensor_msgs::LaserScan[01;31m[K>[m[K(10, 0.1),
      |                                                                                    [01;31m[K^[m[K
make[2]: *** [CMakeFiles/sync_imu_lidar.dir/build.make:63：CMakeFiles/sync_imu_lidar.dir/src/sync_imu_lidar.cpp.o] 错误 1
make[1]: *** [CMakeFiles/Makefile2:1307：CMakeFiles/sync_imu_lidar.dir/all] 错误 2
make: *** [Makefile:141：all] 错误 2
