Linked: (/home/rc1/cqc/R2_Real_ws/devel/.private/conqu_vision/lib/conqu_vision/backboard_detector, /home/rc1/cqc/R2_Real_ws/devel/lib/conqu_vision/backboard_detector)
Linked: (/home/rc1/cqc/R2_Real_ws/devel/.private/conqu_vision/lib/conqu_vision/data_process_node, /home/rc1/cqc/R2_Real_ws/devel/lib/conqu_vision/data_process_node)
Linked: (/home/rc1/cqc/R2_Real_ws/devel/.private/conqu_vision/lib/conqu_vision/serial_comm, /home/rc1/cqc/R2_Real_ws/devel/lib/conqu_vision/serial_comm)
Linked: (/home/rc1/cqc/R2_Real_ws/devel/.private/conqu_vision/lib/conqu_vision/depth_localization_node, /home/rc1/cqc/R2_Real_ws/devel/lib/conqu_vision/depth_localization_node)
Linked: (/home/rc1/cqc/R2_Real_ws/devel/.private/conqu_vision/lib/conqu_vision/serial_send, /home/rc1/cqc/R2_Real_ws/devel/lib/conqu_vision/serial_send)
Linked: (/home/rc1/cqc/R2_Real_ws/devel/.private/conqu_vision/lib/conqu_vision/initial_pose_node, /home/rc1/cqc/R2_Real_ws/devel/lib/conqu_vision/initial_pose_node)
Linked: (/home/rc1/cqc/R2_Real_ws/devel/.private/conqu_vision/lib/conqu_vision/camera_deliver, /home/rc1/cqc/R2_Real_ws/devel/lib/conqu_vision/camera_deliver)
Linked: (/home/rc1/cqc/R2_Real_ws/devel/.private/conqu_vision/lib/python3/dist-packages/conqu_vision/__init__.py, /home/rc1/cqc/R2_Real_ws/devel/lib/python3/dist-packages/conqu_vision/__init__.py)
Linked: (/home/rc1/cqc/R2_Real_ws/devel/.private/conqu_vision/lib/python3/dist-packages/conqu_vision/msg/__init__.py, /home/rc1/cqc/R2_Real_ws/devel/lib/python3/dist-packages/conqu_vision/msg/__init__.py)
Linked: (/home/rc1/cqc/R2_Real_ws/devel/.private/conqu_vision/lib/python3/dist-packages/conqu_vision/msg/_ByteArray.py, /home/rc1/cqc/R2_Real_ws/devel/lib/python3/dist-packages/conqu_vision/msg/_ByteArray.py)
Linked: (/home/rc1/cqc/R2_Real_ws/devel/.private/conqu_vision/lib/pkgconfig/conqu_vision.pc, /home/rc1/cqc/R2_Real_ws/devel/lib/pkgconfig/conqu_vision.pc)
Linked: (/home/rc1/cqc/R2_Real_ws/devel/.private/conqu_vision/include/conqu_vision/ByteArray.h, /home/rc1/cqc/R2_Real_ws/devel/include/conqu_vision/ByteArray.h)
Linked: (/home/rc1/cqc/R2_Real_ws/devel/.private/conqu_vision/share/conqu_vision/cmake/conqu_vision-msg-extras.cmake, /home/rc1/cqc/R2_Real_ws/devel/share/conqu_vision/cmake/conqu_vision-msg-extras.cmake)
Linked: (/home/rc1/cqc/R2_Real_ws/devel/.private/conqu_vision/share/conqu_vision/cmake/conqu_visionConfig-version.cmake, /home/rc1/cqc/R2_Real_ws/devel/share/conqu_vision/cmake/conqu_visionConfig-version.cmake)
Linked: (/home/rc1/cqc/R2_Real_ws/devel/.private/conqu_vision/share/conqu_vision/cmake/conqu_visionConfig.cmake, /home/rc1/cqc/R2_Real_ws/devel/share/conqu_vision/cmake/conqu_visionConfig.cmake)
Linked: (/home/rc1/cqc/R2_Real_ws/devel/.private/conqu_vision/share/conqu_vision/cmake/conqu_vision-msg-paths.cmake, /home/rc1/cqc/R2_Real_ws/devel/share/conqu_vision/cmake/conqu_vision-msg-paths.cmake)
Linked: (/home/rc1/cqc/R2_Real_ws/devel/.private/conqu_vision/share/common-lisp/ros/conqu_vision/msg/_package_ByteArray.lisp, /home/rc1/cqc/R2_Real_ws/devel/share/common-lisp/ros/conqu_vision/msg/_package_ByteArray.lisp)
Linked: (/home/rc1/cqc/R2_Real_ws/devel/.private/conqu_vision/share/common-lisp/ros/conqu_vision/msg/_package.lisp, /home/rc1/cqc/R2_Real_ws/devel/share/common-lisp/ros/conqu_vision/msg/_package.lisp)
Linked: (/home/rc1/cqc/R2_Real_ws/devel/.private/conqu_vision/share/common-lisp/ros/conqu_vision/msg/conqu_vision-msg.asd, /home/rc1/cqc/R2_Real_ws/devel/share/common-lisp/ros/conqu_vision/msg/conqu_vision-msg.asd)
Linked: (/home/rc1/cqc/R2_Real_ws/devel/.private/conqu_vision/share/common-lisp/ros/conqu_vision/msg/ByteArray.lisp, /home/rc1/cqc/R2_Real_ws/devel/share/common-lisp/ros/conqu_vision/msg/ByteArray.lisp)
Linked: (/home/rc1/cqc/R2_Real_ws/devel/.private/conqu_vision/share/gennodejs/ros/conqu_vision/_index.js, /home/rc1/cqc/R2_Real_ws/devel/share/gennodejs/ros/conqu_vision/_index.js)
Linked: (/home/rc1/cqc/R2_Real_ws/devel/.private/conqu_vision/share/gennodejs/ros/conqu_vision/msg/ByteArray.js, /home/rc1/cqc/R2_Real_ws/devel/share/gennodejs/ros/conqu_vision/msg/ByteArray.js)
Linked: (/home/rc1/cqc/R2_Real_ws/devel/.private/conqu_vision/share/gennodejs/ros/conqu_vision/msg/_index.js, /home/rc1/cqc/R2_Real_ws/devel/share/gennodejs/ros/conqu_vision/msg/_index.js)
Linked: (/home/rc1/cqc/R2_Real_ws/devel/.private/conqu_vision/share/roseus/ros/conqu_vision/manifest.l, /home/rc1/cqc/R2_Real_ws/devel/share/roseus/ros/conqu_vision/manifest.l)
Linked: (/home/rc1/cqc/R2_Real_ws/devel/.private/conqu_vision/share/roseus/ros/conqu_vision/msg/ByteArray.l, /home/rc1/cqc/R2_Real_ws/devel/share/roseus/ros/conqu_vision/msg/ByteArray.l)
