Symlinking /home/rc1/cqc/R2_Real_ws/devel/lib/conqu_vision/data_process_node
Symlinking /home/rc1/cqc/R2_Real_ws/devel/lib/conqu_vision/serial_comm
Symlinking /home/rc1/cqc/R2_Real_ws/devel/lib/conqu_vision/serial_send
Symlinking /home/rc1/cqc/R2_Real_ws/devel/lib/conqu_vision/camera_deliver
Symlinking /home/rc1/cqc/R2_Real_ws/devel/lib/python3/dist-packages/conqu_vision/__init__.py
Symlinking /home/rc1/cqc/R2_Real_ws/devel/lib/python3/dist-packages/conqu_vision/msg/__init__.py
Symlinking /home/rc1/cqc/R2_Real_ws/devel/lib/python3/dist-packages/conqu_vision/msg/_ByteArray.py
Symlinking /home/rc1/cqc/R2_Real_ws/devel/lib/pkgconfig/conqu_vision.pc
Symlinking /home/rc1/cqc/R2_Real_ws/devel/include/conqu_vision/ByteArray.h
Symlinking /home/rc1/cqc/R2_Real_ws/devel/share/conqu_vision/cmake/conqu_vision-msg-extras.cmake
Symlinking /home/rc1/cqc/R2_Real_ws/devel/share/conqu_vision/cmake/conqu_visionConfig-version.cmake
Symlinking /home/rc1/cqc/R2_Real_ws/devel/share/conqu_vision/cmake/conqu_visionConfig.cmake
Symlinking /home/rc1/cqc/R2_Real_ws/devel/share/conqu_vision/cmake/conqu_vision-msg-paths.cmake
Symlinking /home/rc1/cqc/R2_Real_ws/devel/share/common-lisp/ros/conqu_vision/msg/_package_ByteArray.lisp
Symlinking /home/rc1/cqc/R2_Real_ws/devel/share/common-lisp/ros/conqu_vision/msg/_package.lisp
Symlinking /home/rc1/cqc/R2_Real_ws/devel/share/common-lisp/ros/conqu_vision/msg/conqu_vision-msg.asd
Symlinking /home/rc1/cqc/R2_Real_ws/devel/share/common-lisp/ros/conqu_vision/msg/ByteArray.lisp
Symlinking /home/rc1/cqc/R2_Real_ws/devel/share/gennodejs/ros/conqu_vision/_index.js
Symlinking /home/rc1/cqc/R2_Real_ws/devel/share/gennodejs/ros/conqu_vision/msg/ByteArray.js
Symlinking /home/rc1/cqc/R2_Real_ws/devel/share/gennodejs/ros/conqu_vision/msg/_index.js
Symlinking /home/rc1/cqc/R2_Real_ws/devel/share/roseus/ros/conqu_vision/manifest.l
Symlinking /home/rc1/cqc/R2_Real_ws/devel/share/roseus/ros/conqu_vision/msg/ByteArray.l
Cleaning: (/home/rc1/cqc/R2_Real_ws/devel/.private/conqu_vision/lib/conqu_vision/backboard_detector, /home/rc1/cqc/R2_Real_ws/devel/lib/conqu_vision/backboard_detector)
Cleaning: (/home/rc1/cqc/R2_Real_ws/devel/.private/conqu_vision/lib/conqu_vision/sync_imu_lidar, /home/rc1/cqc/R2_Real_ws/devel/lib/conqu_vision/sync_imu_lidar)
Unlinking: /home/rc1/cqc/R2_Real_ws/devel/lib/conqu_vision/backboard_detector
Already unlinked: {}
Unlinking: /home/rc1/cqc/R2_Real_ws/devel/lib/conqu_vision/sync_imu_lidar
Already unlinked: {}
