[  0%] Built target std_msgs_generate_messages_lisp
[  0%] Built target sensor_msgs_generate_messages_nodejs
[  0%] Built target std_msgs_generate_messages_nodejs
[  0%] Built target geometry_msgs_generate_messages_nodejs
[  0%] Built target dynamic_reconfigure_generate_messages_lisp
[  0%] Built target geometry_msgs_generate_messages_lisp
[  0%] Built target sensor_msgs_generate_messages_lisp
[  0%] Built target std_msgs_generate_messages_cpp
[  0%] Built target sensor_msgs_generate_messages_cpp
[  0%] Built target geometry_msgs_generate_messages_cpp
[  0%] Built target _conqu_vision_generate_messages_check_deps_ByteArray
[  0%] Built target tf_generate_messages_nodejs
[  0%] Built target tf_generate_messages_cpp
[  0%] Built target tf_generate_messages_lisp
[  0%] Built target topic_tools_generate_messages_nodejs
[  0%] Built target topic_tools_generate_messages_lisp
[  0%] Built target topic_tools_generate_messages_eus
[  0%] Built target std_msgs_generate_messages_py
[  0%] Built target sensor_msgs_generate_messages_py
[  0%] Built target topic_tools_generate_messages_cpp
[  0%] Built target geometry_msgs_generate_messages_py
[  0%] Built target std_srvs_generate_messages_eus
[  0%] Built target std_srvs_generate_messages_lisp
[  0%] Built target bond_generate_messages_py
[  0%] Built target bond_generate_messages_nodejs
[  0%] Built target bond_generate_messages_lisp
[  0%] Built target std_srvs_generate_messages_nodejs
[  0%] Built target bond_generate_messages_eus
[  0%] Built target nodelet_generate_messages_py
[  0%] Built target nodelet_generate_messages_nodejs
[  0%] Built target rosgraph_msgs_generate_messages_nodejs
[  0%] Built target actionlib_msgs_generate_messages_py
[  0%] Built target tf_generate_messages_eus
[  0%] Built target actionlib_generate_messages_cpp
[  0%] Built target std_srvs_generate_messages_py
[  0%] Built target rosgraph_msgs_generate_messages_lisp
[  0%] Built target rosgraph_msgs_generate_messages_eus
[  0%] Built target pcl_ros_gencfg
[  0%] Built target roscpp_generate_messages_eus
[  0%] Built target geometry_msgs_generate_messages_eus
[  0%] Built target nodelet_generate_messages_lisp
[  0%] Built target roscpp_generate_messages_nodejs
[  0%] Built target topic_tools_generate_messages_py
[  0%] Built target roscpp_generate_messages_lisp
[  0%] Built target actionlib_generate_messages_lisp
[  0%] Built target tf2_msgs_generate_messages_eus
[  0%] Built target roscpp_generate_messages_cpp
[  0%] Built target nodelet_topic_tools_gencfg
[  0%] Built target sensor_msgs_generate_messages_eus
[  0%] Built target actionlib_msgs_generate_messages_eus
[  0%] Built target dynamic_reconfigure_generate_messages_py
[  0%] Built target std_srvs_generate_messages_cpp
[  0%] Built target rosgraph_msgs_generate_messages_py
[  0%] Built target pcl_msgs_generate_messages_cpp
[  0%] Built target bond_generate_messages_cpp
[  0%] Built target roscpp_generate_messages_py
[  0%] Built target tf2_msgs_generate_messages_py
[  0%] Built target dynamic_reconfigure_generate_messages_nodejs
[  0%] Built target tf2_msgs_generate_messages_lisp
[  0%] Built target std_msgs_generate_messages_eus
[  0%] Built target tf2_msgs_generate_messages_nodejs
[  0%] Built target rosgraph_msgs_generate_messages_cpp
[  0%] Built target actionlib_msgs_generate_messages_cpp
[  0%] Built target actionlib_generate_messages_eus
[  0%] Built target actionlib_msgs_generate_messages_lisp
[  0%] Built target tf_generate_messages_py
[  0%] Built target actionlib_msgs_generate_messages_nodejs
[  0%] Built target actionlib_generate_messages_py
[  0%] Built target actionlib_generate_messages_nodejs
[  0%] Built target nodelet_generate_messages_eus
[  0%] Built target pcl_msgs_generate_messages_eus
[  0%] Built target pcl_msgs_generate_messages_nodejs
[  0%] Built target pcl_msgs_generate_messages_lisp
[  0%] Built target pcl_msgs_generate_messages_py
[  0%] Built target dynamic_reconfigure_generate_messages_cpp
[  0%] Built target dynamic_reconfigure_generate_messages_eus
[  0%] Built target dynamic_reconfigure_gencfg
[  0%] Built target nodelet_generate_messages_cpp
[  5%] Built target conqu_vision_generate_messages_nodejs
[  5%] Built target tf2_msgs_generate_messages_cpp
[ 11%] Built target conqu_vision_generate_messages_lisp
[ 23%] Built target conqu_vision_generate_messages_py
[ 29%] Built target conqu_vision_generate_messages_cpp
[ 41%] Built target conqu_vision_generate_messages_eus
[ 41%] Built target conqu_vision_generate_messages
[ 52%] Built target serial_send
[ 64%] Built target tf_publisher
[ 76%] Built target backboard_detector
[ 88%] Built target serial_comm
[100%] Built target camera_deliver
