[01m[K/home/rc1/cqc/R2_Real_ws/src/conqu_vision/src/camera_deliver.cpp:[m[K In function ‘[01m[Kint main()[m[K’:
[01m[K/home/rc1/cqc/R2_Real_ws/src/conqu_vision/src/camera_deliver.cpp:124:105:[m[K [01;31m[Kerror: [m[Kno matching function for call to ‘[01m[Kcv::Rect_<int>::Rect_(int, bool, std::string&)[m[K’
  124 |         temp_frame = process_image(temp_frame, true, cv::Rect(((1920-512)/2, 700, 1080), true, timestamp[01;31m[K)[m[K;
      |                                                                                                         [01;31m[K^[m[K
In file included from [01m[K/usr/include/opencv4/opencv2/core.hpp:58[m[K,
                 from [01m[K/usr/include/opencv4/opencv2/opencv.hpp:52[m[K,
                 from [01m[K/home/rc1/cqc/R2_Real_ws/src/conqu_vision/src/camera_deliver.cpp:1[m[K:
[01m[K/usr/include/opencv4/opencv2/core/types.hpp:1843:1:[m[K [01;36m[Knote: [m[Kcandidate: ‘[01m[Kcv::Rect_<_Tp>::Rect_(const cv::Point_<_Tp>&, const cv::Point_<_Tp>&) [with _Tp = int][m[K’
 1843 | [01;36m[KRect_<_Tp>[m[K::Rect_(const Point_<_Tp>& pt1, const Point_<_Tp>& pt2)
      | [01;36m[K^~~~~~~~~~[m[K
[01m[K/usr/include/opencv4/opencv2/core/types.hpp:1843:1:[m[K [01;36m[Knote: [m[K  candidate expects 2 arguments, 3 provided
[01m[K/usr/include/opencv4/opencv2/core/types.hpp:1839:1:[m[K [01;36m[Knote: [m[Kcandidate: ‘[01m[Kcv::Rect_<_Tp>::Rect_(const cv::Point_<_Tp>&, const cv::Size_<_Tp>&) [with _Tp = int][m[K’
 1839 | [01;36m[KRect_<_Tp>[m[K::Rect_(const Point_<_Tp>& org, const Size_<_Tp>& sz)
      | [01;36m[K^~~~~~~~~~[m[K
[01m[K/usr/include/opencv4/opencv2/core/types.hpp:1839:1:[m[K [01;36m[Knote: [m[K  candidate expects 2 arguments, 3 provided
[01m[K/usr/include/opencv4/opencv2/core/types.hpp:1835:1:[m[K [01;36m[Knote: [m[Kcandidate: ‘[01m[Kcv::Rect_<_Tp>::Rect_(cv::Rect_<_Tp>&&) [with _Tp = int][m[K’
 1835 | [01;36m[KRect_<_Tp>[m[K::Rect_(Rect_<_Tp>&& r) CV_NOEXCEPT
      | [01;36m[K^~~~~~~~~~[m[K
[01m[K/usr/include/opencv4/opencv2/core/types.hpp:1835:1:[m[K [01;36m[Knote: [m[K  candidate expects 1 argument, 3 provided
[01m[K/usr/include/opencv4/opencv2/core/types.hpp:1831:1:[m[K [01;36m[Knote: [m[Kcandidate: ‘[01m[Kcv::Rect_<_Tp>::Rect_(const cv::Rect_<_Tp>&) [with _Tp = int][m[K’
 1831 | [01;36m[KRect_<_Tp>[m[K::Rect_(const Rect_<_Tp>& r)
      | [01;36m[K^~~~~~~~~~[m[K
[01m[K/usr/include/opencv4/opencv2/core/types.hpp:1831:1:[m[K [01;36m[Knote: [m[K  candidate expects 1 argument, 3 provided
[01m[K/usr/include/opencv4/opencv2/core/types.hpp:1827:1:[m[K [01;36m[Knote: [m[Kcandidate: ‘[01m[Kcv::Rect_<_Tp>::Rect_(_Tp, _Tp, _Tp, _Tp) [with _Tp = int][m[K’
 1827 | [01;36m[KRect_<_Tp>[m[K::Rect_(_Tp _x, _Tp _y, _Tp _width, _Tp _height)
      | [01;36m[K^~~~~~~~~~[m[K
[01m[K/usr/include/opencv4/opencv2/core/types.hpp:1827:1:[m[K [01;36m[Knote: [m[K  candidate expects 4 arguments, 3 provided
[01m[K/usr/include/opencv4/opencv2/core/types.hpp:1823:1:[m[K [01;36m[Knote: [m[Kcandidate: ‘[01m[Kcv::Rect_<_Tp>::Rect_() [with _Tp = int][m[K’
 1823 | [01;36m[KRect_<_Tp>[m[K::Rect_()
      | [01;36m[K^~~~~~~~~~[m[K
[01m[K/usr/include/opencv4/opencv2/core/types.hpp:1823:1:[m[K [01;36m[Knote: [m[K  candidate expects 0 arguments, 3 provided
make[2]: *** [CMakeFiles/camera_deliver.dir/build.make:63：CMakeFiles/camera_deliver.dir/src/camera_deliver.cpp.o] 错误 1
make[1]: *** [CMakeFiles/Makefile2:845：CMakeFiles/camera_deliver.dir/all] 错误 2
make: *** [Makefile:141：all] 错误 2
