[  0%] Built target std_msgs_generate_messages_eus
[  0%] Built target std_msgs_generate_messages_cpp
[  0%] Built target std_msgs_generate_messages_lisp
[  0%] Built target std_msgs_generate_messages_nodejs
[  0%] Built target std_msgs_generate_messages_py
[  0%] Built target dynamic_reconfigure_gencfg
[  0%] Built target geometry_msgs_generate_messages_eus
[  0%] Built target dynamic_reconfigure_generate_messages_eus
[  0%] Built target dynamic_reconfigure_generate_messages_cpp
[  0%] Built target dynamic_reconfigure_generate_messages_lisp
[  0%] Built target rosgraph_msgs_generate_messages_cpp
[  0%] Built target rosgraph_msgs_generate_messages_eus
[  0%] Built target geometry_msgs_generate_messages_lisp
[  0%] Built target _laser_double_generate_messages_check_deps_difop
[  0%] Built target sensor_msgs_generate_messages_py
[  0%] Built target geometry_msgs_generate_messages_py
[  0%] Built target geometry_msgs_generate_messages_cpp
[  0%] Built target roscpp_generate_messages_nodejs
[  0%] Built target geometry_msgs_generate_messages_nodejs
[  0%] Built target sensor_msgs_generate_messages_lisp
[  0%] Built target roscpp_generate_messages_eus
[  0%] Built target sensor_msgs_generate_messages_eus
[  0%] Built target roscpp_generate_messages_py
[  0%] Built target rosgraph_msgs_generate_messages_py
[  0%] Built target rosgraph_msgs_generate_messages_lisp
[  0%] Built target roscpp_generate_messages_cpp
[  0%] Built target sensor_msgs_generate_messages_nodejs
[  0%] Built target roscpp_generate_messages_lisp
[  0%] Built target rosgraph_msgs_generate_messages_nodejs
[  0%] Built target dynamic_reconfigure_generate_messages_nodejs
[  0%] Built target dynamic_reconfigure_generate_messages_py
[  0%] Built target sensor_msgs_generate_messages_cpp
[ 11%] [34m[1mGenerating C++ code from laser_double/difop.msg[0m
[ 22%] [34m[1mGenerating Lisp code from laser_double/difop.msg[0m
[ 33%] [34m[1mGenerating EusLisp code from laser_double/difop.msg[0m
[ 44%] [34m[1mGenerating Python from MSG laser_double/difop[0m
[ 55%] [34m[1mGenerating Javascript code from laser_double/difop.msg[0m
[ 55%] Built target laser_double_generate_messages_lisp
[ 55%] Built target laser_double_generate_messages_nodejs
[ 66%] Built target laser_double_generate_messages_eus
[ 66%] Built target laser_double_generate_messages_cpp
[ 77%] [34m[1mGenerating Python msg __init__.py for laser_double[0m
[ 77%] Built target laser_double_generate_messages_py
[35m[1mScanning dependencies of target laser_double[0m
[ 77%] Built target laser_double_generate_messages
[ 88%] [32mBuilding CXX object CMakeFiles/laser_double.dir/src/laser_double.cpp.o[0m
[100%] [32m[1mLinking CXX executable /home/rc1/cqc/R2_Real_ws/devel/.private/laser_double/lib/laser_double/laser_double[0m
[100%] Built target laser_double
